2019-09-11 14:37:53.598  INFO 20148 --- [main] com.chaotu.pay.PayWebApplicationTests    : Starting PayWebApplicationTests on DESKTOP-M1K3MS2 with PID 20148 (started by cwol in D:\IdeaProjects\pay-all\pay-web)
2019-09-11 14:37:53.604  INFO 20148 --- [main] com.chaotu.pay.PayWebApplicationTests    : The following profiles are active: dev
2019-09-11 14:37:55.645  WARN 20148 --- [main] t.m.s.mapper.ClassPathMapperScanner      : No MyBatis mapper was found in '[com.chaotu.pay]' package. Please check your configuration.
2019-09-11 14:37:55.701  WARN 20148 --- [main] o.m.s.mapper.ClassPathMapperScanner      : No MyBatis mapper was found in '[com.chaotu.pay]' package. Please check your configuration.
2019-09-11 14:37:55.949  INFO 20148 --- [main] .s.d.r.c.RepositoryConfigurationDelegate : Multiple Spring Data modules found, entering strict repository configuration mode!
2019-09-11 14:37:55.956  INFO 20148 --- [main] .s.d.r.c.RepositoryConfigurationDelegate : Bootstrapping Spring Data repositories in DEFAULT mode.
2019-09-11 14:37:56.061  INFO 20148 --- [main] .s.d.r.c.RepositoryConfigurationDelegate : Finished Spring Data repository scanning in 93ms. Found 0 repository interfaces.
2019-09-11 14:37:56.082  INFO 20148 --- [main] .s.d.r.c.RepositoryConfigurationDelegate : Multiple Spring Data modules found, entering strict repository configuration mode!
2019-09-11 14:37:56.084  INFO 20148 --- [main] .s.d.r.c.RepositoryConfigurationDelegate : Bootstrapping Spring Data repositories in DEFAULT mode.
2019-09-11 14:37:56.141  INFO 20148 --- [main] .s.d.r.c.RepositoryConfigurationDelegate : Finished Spring Data repository scanning in 45ms. Found 0 repository interfaces.
2019-09-11 14:37:56.954  INFO 20148 --- [main] ptablePropertiesBeanFactoryPostProcessor : Post-processing PropertySource instances
2019-09-11 14:37:57.070  INFO 20148 --- [main] c.u.j.EncryptablePropertySourceConverter : Converting PropertySource configurationProperties [org.springframework.boot.context.properties.source.ConfigurationPropertySourcesPropertySource] to AOP Proxy
2019-09-11 14:37:57.072  INFO 20148 --- [main] c.u.j.EncryptablePropertySourceConverter : Converting PropertySource Inlined Test Properties [org.springframework.core.env.MapPropertySource] to EncryptableMapPropertySourceWrapper
2019-09-11 14:37:57.073  INFO 20148 --- [main] c.u.j.EncryptablePropertySourceConverter : Converting PropertySource systemProperties [org.springframework.core.env.MapPropertySource] to EncryptableMapPropertySourceWrapper
2019-09-11 14:37:57.073  INFO 20148 --- [main] c.u.j.EncryptablePropertySourceConverter : Converting PropertySource systemEnvironment [org.springframework.boot.env.SystemEnvironmentPropertySourceEnvironmentPostProcessor$OriginAwareSystemEnvironmentPropertySource] to EncryptableMapPropertySourceWrapper
2019-09-11 14:37:57.076  INFO 20148 --- [main] c.u.j.EncryptablePropertySourceConverter : Converting PropertySource random [org.springframework.boot.env.RandomValuePropertySource] to EncryptablePropertySourceWrapper
2019-09-11 14:37:57.077  INFO 20148 --- [main] c.u.j.EncryptablePropertySourceConverter : Converting PropertySource applicationConfig: [classpath:/application-dev.yml] [org.springframework.boot.env.OriginTrackedMapPropertySource] to EncryptableMapPropertySourceWrapper
2019-09-11 14:37:57.077  INFO 20148 --- [main] c.u.j.EncryptablePropertySourceConverter : Converting PropertySource applicationConfig: [classpath:/application.yml] [org.springframework.boot.env.OriginTrackedMapPropertySource] to EncryptableMapPropertySourceWrapper
2019-09-11 14:37:57.234  INFO 20148 --- [main] c.u.j.filter.DefaultLazyPropertyFilter   : Property Filter custom Bean not found with name 'encryptablePropertyFilter'. Initializing Default Property Filter
2019-09-11 14:37:57.266  INFO 20148 --- [main] trationDelegate$BeanPostProcessorChecker : Bean 'org.springframework.amqp.rabbit.annotation.RabbitBootstrapConfiguration' of type [org.springframework.amqp.rabbit.annotation.RabbitBootstrapConfiguration$$EnhancerBySpringCGLIB$$5fb2b9c0] is not eligible for getting processed by all BeanPostProcessors (for example: not eligible for auto-proxying)
2019-09-11 14:37:57.376  INFO 20148 --- [main] trationDelegate$BeanPostProcessorChecker : Bean 'org.springframework.transaction.annotation.ProxyTransactionManagementConfiguration' of type [org.springframework.transaction.annotation.ProxyTransactionManagementConfiguration$$EnhancerBySpringCGLIB$$9946fb92] is not eligible for getting processed by all BeanPostProcessors (for example: not eligible for auto-proxying)
2019-09-11 14:37:57.660  INFO 20148 --- [main] trationDelegate$BeanPostProcessorChecker : Bean 'org.springframework.security.config.annotation.configuration.ObjectPostProcessorConfiguration' of type [org.springframework.security.config.annotation.configuration.ObjectPostProcessorConfiguration$$EnhancerBySpringCGLIB$$31f4c3cc] is not eligible for getting processed by all BeanPostProcessors (for example: not eligible for auto-proxying)
2019-09-11 14:37:57.674  INFO 20148 --- [main] trationDelegate$BeanPostProcessorChecker : Bean 'objectPostProcessor' of type [org.springframework.security.config.annotation.configuration.AutowireBeanFactoryObjectPostProcessor] is not eligible for getting processed by all BeanPostProcessors (for example: not eligible for auto-proxying)
2019-09-11 14:37:57.679  INFO 20148 --- [main] trationDelegate$BeanPostProcessorChecker : Bean 'org.springframework.security.access.expression.method.DefaultMethodSecurityExpressionHandler@35eee641' of type [org.springframework.security.access.expression.method.DefaultMethodSecurityExpressionHandler] is not eligible for getting processed by all BeanPostProcessors (for example: not eligible for auto-proxying)
2019-09-11 14:37:57.700  INFO 20148 --- [main] trationDelegate$BeanPostProcessorChecker : Bean 'org.springframework.security.config.annotation.method.configuration.GlobalMethodSecurityConfiguration' of type [org.springframework.security.config.annotation.method.configuration.GlobalMethodSecurityConfiguration$$EnhancerBySpringCGLIB$$56c9667e] is not eligible for getting processed by all BeanPostProcessors (for example: not eligible for auto-proxying)
2019-09-11 14:37:57.718  INFO 20148 --- [main] trationDelegate$BeanPostProcessorChecker : Bean 'methodSecurityMetadataSource' of type [org.springframework.security.access.method.DelegatingMethodSecurityMetadataSource] is not eligible for getting processed by all BeanPostProcessors (for example: not eligible for auto-proxying)
2019-09-11 14:37:57.787  INFO 20148 --- [main] c.a.d.s.b.a.DruidDataSourceAutoConfigure : Init DruidDataSource
2019-09-11 14:37:57.935  INFO 20148 --- [main] c.u.j.r.DefaultLazyPropertyResolver      : Property Resolver custom Bean not found with name 'encryptablePropertyResolver'. Initializing Default Property Resolver
2019-09-11 14:37:57.942  INFO 20148 --- [main] c.u.j.d.DefaultLazyPropertyDetector      : Property Detector custom Bean not found with name 'encryptablePropertyDetector'. Initializing Default Property Detector
2019-09-11 14:37:58.297  INFO 20148 --- [main] com.alibaba.druid.pool.DruidDataSource   : {dataSource-1} inited
2019-09-11 14:37:59.418  INFO 20148 --- [main] o.hibernate.jpa.internal.util.LogHelper  : HHH000204: Processing PersistenceUnitInfo [
	name: default
	...]
2019-09-11 14:37:59.520  INFO 20148 --- [main] org.hibernate.Version                    : HHH000412: Hibernate Core {5.3.7.Final}
2019-09-11 14:37:59.522  INFO 20148 --- [main] org.hibernate.cfg.Environment            : HHH000206: hibernate.properties not found
2019-09-11 14:37:59.767  INFO 20148 --- [main] o.hibernate.annotations.common.Version   : HCANN000001: Hibernate Commons Annotations {5.0.4.Final}
2019-09-11 14:38:00.272  INFO 20148 --- [main] org.hibernate.dialect.Dialect            : HHH000400: Using dialect: org.hibernate.dialect.MySQL5Dialect
2019-09-11 14:38:01.022  INFO 20148 --- [main] j.LocalContainerEntityManagerFactoryBean : Initialized JPA EntityManagerFactory for persistence unit 'default'
2019-09-11 14:38:03.139 DEBUG 20148 --- [main] c.c.pay.dao.TChannelMapper.selectOne     : ==>  Preparing: SELECT id,create_by,create_time,update_by,update_time,limit_times,merchant,channel_name,channel_code,pay_type_id,status,channel_quota,total_amount,extend,today_amount,rate,content_type,request_type,request_url,notify_url,limit_amount FROM t_channel WHERE id = ? 
2019-09-11 14:38:03.188 DEBUG 20148 --- [main] c.c.pay.dao.TChannelMapper.selectOne     : ==> Parameters: 2(Long)
2019-09-11 14:38:03.224 DEBUG 20148 --- [main] c.c.pay.dao.TChannelMapper.selectOne     : <==      Total: 1
2019-09-11 14:38:03.227 DEBUG 20148 --- [main] c.c.p.d.TChannelAccountMapper.selectOne  : ==>  Preparing: SELECT id,create_by,create_time,update_by,update_time,account,sign_key,public_key,channel_id,status,today_amount,total_amount,order_num,limit_amount,password FROM t_channel_account WHERE channel_id = ? 
2019-09-11 14:38:03.228 DEBUG 20148 --- [main] c.c.p.d.TChannelAccountMapper.selectOne  : ==> Parameters: 2(Long)
2019-09-11 14:38:03.232 DEBUG 20148 --- [main] c.c.p.d.TChannelAccountMapper.selectOne  : <==      Total: 1
2019-09-11 14:38:03.437  INFO 20148 --- [main] c.c.pay.common.channel.ChannelFactory    : 通道:{"channelCode":"kuaixianyida","channelName":"168","channelQuota":"","createTime":1562575601000,"extend":"{\"ORDER_NO\":\"order_no\",\"QRCODE\":\"qrcode\",\"OUT_TRADE_NO\":\"OUT_TRADE_NO\",\"SUCCESS_KEY\":\"SUCCESS\",\"SUCCESS_VAL\":\"1\"}","id":2,"limitAmount":5000000.00,"limitTimes":999999,"notifyUrl":"http://47.75.146.15:8080/order/notify/","payTypeId":2,"rate":0.033000,"requestUrl":"http://api.skypay168.com/wpay/api?do=CreateOrder","status":"0","todayAmount":229300.00,"totalAmount":229300.00,"updateTime":1562575601000}已注册
2019-09-11 14:38:03.439 DEBUG 20148 --- [main] c.c.pay.dao.TChannelMapper.selectOne     : ==>  Preparing: SELECT id,create_by,create_time,update_by,update_time,limit_times,merchant,channel_name,channel_code,pay_type_id,status,channel_quota,total_amount,extend,today_amount,rate,content_type,request_type,request_url,notify_url,limit_amount FROM t_channel WHERE id = ? 
2019-09-11 14:38:03.440 DEBUG 20148 --- [main] c.c.pay.dao.TChannelMapper.selectOne     : ==> Parameters: 3(Long)
2019-09-11 14:38:03.442 DEBUG 20148 --- [main] c.c.pay.dao.TChannelMapper.selectOne     : <==      Total: 1
2019-09-11 14:38:03.443 DEBUG 20148 --- [main] c.c.p.d.TChannelAccountMapper.selectOne  : ==>  Preparing: SELECT id,create_by,create_time,update_by,update_time,account,sign_key,public_key,channel_id,status,today_amount,total_amount,order_num,limit_amount,password FROM t_channel_account WHERE channel_id = ? 
2019-09-11 14:38:03.444 DEBUG 20148 --- [main] c.c.p.d.TChannelAccountMapper.selectOne  : ==> Parameters: 3(Long)
2019-09-11 14:38:03.446 DEBUG 20148 --- [main] c.c.p.d.TChannelAccountMapper.selectOne  : <==      Total: 1
2019-09-11 14:38:03.447  INFO 20148 --- [main] c.c.pay.common.channel.ChannelFactory    : 通道:{"channelCode":"alipay_bank2","channelName":"帝王支付宝转卡","createTime":1563953453000,"id":3,"limitAmount":5000000.00,"limitTimes":999999,"notifyUrl":"http://47.75.146.15:8080/order/notify/","payTypeId":2,"rate":0.033000,"requestUrl":"http://chaotudw.com/pay","status":"0","todayAmount":1757.00,"totalAmount":1757.00,"updateTime":1563953453000}已注册
2019-09-11 14:38:03.448 DEBUG 20148 --- [main] c.c.pay.dao.TChannelMapper.selectOne     : ==>  Preparing: SELECT id,create_by,create_time,update_by,update_time,limit_times,merchant,channel_name,channel_code,pay_type_id,status,channel_quota,total_amount,extend,today_amount,rate,content_type,request_type,request_url,notify_url,limit_amount FROM t_channel WHERE id = ? 
2019-09-11 14:38:03.449 DEBUG 20148 --- [main] c.c.pay.dao.TChannelMapper.selectOne     : ==> Parameters: 4(Long)
2019-09-11 14:38:03.452 DEBUG 20148 --- [main] c.c.pay.dao.TChannelMapper.selectOne     : <==      Total: 1
2019-09-11 14:38:03.453 DEBUG 20148 --- [main] c.c.p.d.TChannelAccountMapper.selectOne  : ==>  Preparing: SELECT id,create_by,create_time,update_by,update_time,account,sign_key,public_key,channel_id,status,today_amount,total_amount,order_num,limit_amount,password FROM t_channel_account WHERE channel_id = ? 
2019-09-11 14:38:03.454 DEBUG 20148 --- [main] c.c.p.d.TChannelAccountMapper.selectOne  : ==> Parameters: 4(Long)
2019-09-11 14:38:03.456 DEBUG 20148 --- [main] c.c.p.d.TChannelAccountMapper.selectOne  : <==      Total: 1
2019-09-11 14:38:03.458  INFO 20148 --- [main] c.c.pay.common.channel.ChannelFactory    : 通道:{"channelCode":"machi_pay","channelName":"麻吉付微信h5","createTime":1564040844000,"extend":"{\"ORDER_NO\":\"order_no\",\"QRCODE\":\"qrcode\",\"OUT_TRADE_NO\":\"OUT_TRADE_NO\",\"SUCCESS_KEY\":\"SUCCESS\",\"SUCCESS_VAL\":\"1\"}","id":4,"limitAmount":5000000.00,"limitTimes":99999,"notifyUrl":"http://47.75.146.15:8080/order/notify/","payTypeId":4,"rate":0.033000,"requestUrl":"http://paygate.machi-tech.com:9090/gateway-onl/txn","status":"0","todayAmount":1000.00,"totalAmount":1000.00,"updateTime":1564040844000}已注册
2019-09-11 14:38:03.460 DEBUG 20148 --- [main] c.c.pay.dao.TChannelMapper.selectOne     : ==>  Preparing: SELECT id,create_by,create_time,update_by,update_time,limit_times,merchant,channel_name,channel_code,pay_type_id,status,channel_quota,total_amount,extend,today_amount,rate,content_type,request_type,request_url,notify_url,limit_amount FROM t_channel WHERE id = ? 
2019-09-11 14:38:03.461 DEBUG 20148 --- [main] c.c.pay.dao.TChannelMapper.selectOne     : ==> Parameters: 5(Long)
2019-09-11 14:38:03.463 DEBUG 20148 --- [main] c.c.pay.dao.TChannelMapper.selectOne     : <==      Total: 1
2019-09-11 14:38:03.464 DEBUG 20148 --- [main] c.c.p.d.TChannelAccountMapper.selectOne  : ==>  Preparing: SELECT id,create_by,create_time,update_by,update_time,account,sign_key,public_key,channel_id,status,today_amount,total_amount,order_num,limit_amount,password FROM t_channel_account WHERE channel_id = ? 
2019-09-11 14:38:03.464 DEBUG 20148 --- [main] c.c.p.d.TChannelAccountMapper.selectOne  : ==> Parameters: 5(Long)
2019-09-11 14:38:03.467 DEBUG 20148 --- [main] c.c.p.d.TChannelAccountMapper.selectOne  : <==      Total: 1
2019-09-11 14:38:03.468  INFO 20148 --- [main] c.c.pay.common.channel.ChannelFactory    : 通道:{"channelCode":"qianbao","channelName":"钱宝支付支付宝","extend":"{\"ORDER_NO\":\"order_no\",\"QRCODE\":\"qrcode\",\"OUT_TRADE_NO\":\"OUT_TRADE_NO\",\"SUCCESS_KEY\":\"SUCCESS\",\"SUCCESS_VAL\":\"1\"}","id":5,"limitAmount":5000000.00,"limitTimes":999999,"notifyUrl":"http://47.75.146.15:8080/order/notify/","payTypeId":2,"rate":0.033000,"requestUrl":"http://qianbao.w000013.com/code/orderym/kuaifupay","status":"0","todayAmount":125335.00,"totalAmount":125335.00}已注册
2019-09-11 14:38:03.469 DEBUG 20148 --- [main] c.c.pay.dao.TChannelMapper.selectOne     : ==>  Preparing: SELECT id,create_by,create_time,update_by,update_time,limit_times,merchant,channel_name,channel_code,pay_type_id,status,channel_quota,total_amount,extend,today_amount,rate,content_type,request_type,request_url,notify_url,limit_amount FROM t_channel WHERE id = ? 
2019-09-11 14:38:03.470 DEBUG 20148 --- [main] c.c.pay.dao.TChannelMapper.selectOne     : ==> Parameters: 6(Long)
2019-09-11 14:38:03.471 DEBUG 20148 --- [main] c.c.pay.dao.TChannelMapper.selectOne     : <==      Total: 1
2019-09-11 14:38:03.473 DEBUG 20148 --- [main] c.c.p.d.TChannelAccountMapper.selectOne  : ==>  Preparing: SELECT id,create_by,create_time,update_by,update_time,account,sign_key,public_key,channel_id,status,today_amount,total_amount,order_num,limit_amount,password FROM t_channel_account WHERE channel_id = ? 
2019-09-11 14:38:03.473 DEBUG 20148 --- [main] c.c.p.d.TChannelAccountMapper.selectOne  : ==> Parameters: 6(Long)
2019-09-11 14:38:03.475 DEBUG 20148 --- [main] c.c.p.d.TChannelAccountMapper.selectOne  : <==      Total: 1
2019-09-11 14:38:03.476  INFO 20148 --- [main] c.c.pay.common.channel.ChannelFactory    : 通道:{"channelCode":"ronghe","channelName":"融合支付微信","id":6,"limitAmount":5000000.00,"limitTimes":9999999,"notifyUrl":"http://47.75.146.15:8080/order/notify/","payTypeId":4,"rate":0.033000,"requestUrl":"http://13.115.156.115/pay/sign.do","status":"0","todayAmount":0.00,"totalAmount":0.00}已注册
2019-09-11 14:38:03.478 DEBUG 20148 --- [main] c.c.pay.dao.TChannelMapper.selectOne     : ==>  Preparing: SELECT id,create_by,create_time,update_by,update_time,limit_times,merchant,channel_name,channel_code,pay_type_id,status,channel_quota,total_amount,extend,today_amount,rate,content_type,request_type,request_url,notify_url,limit_amount FROM t_channel WHERE id = ? 
2019-09-11 14:38:03.479 DEBUG 20148 --- [main] c.c.pay.dao.TChannelMapper.selectOne     : ==> Parameters: 7(Long)
2019-09-11 14:38:03.481 DEBUG 20148 --- [main] c.c.pay.dao.TChannelMapper.selectOne     : <==      Total: 1
2019-09-11 14:38:03.482 DEBUG 20148 --- [main] c.c.p.d.TChannelAccountMapper.selectOne  : ==>  Preparing: SELECT id,create_by,create_time,update_by,update_time,account,sign_key,public_key,channel_id,status,today_amount,total_amount,order_num,limit_amount,password FROM t_channel_account WHERE channel_id = ? 
2019-09-11 14:38:03.483 DEBUG 20148 --- [main] c.c.p.d.TChannelAccountMapper.selectOne  : ==> Parameters: 7(Long)
2019-09-11 14:38:03.485 DEBUG 20148 --- [main] c.c.p.d.TChannelAccountMapper.selectOne  : <==      Total: 1
2019-09-11 14:38:03.486  INFO 20148 --- [main] c.c.pay.common.channel.ChannelFactory    : 通道:{"channelCode":"rongheali","channelName":"融合支付支付宝","id":7,"limitAmount":5000000.00,"limitTimes":999999,"notifyUrl":"http://47.75.146.15:8080/order/notify/","payTypeId":2,"rate":0.033000,"requestUrl":"http://13.115.156.115/pay/sign.do","status":"0","todayAmount":1128600.00,"totalAmount":1128600.00}已注册
2019-09-11 14:38:03.487 DEBUG 20148 --- [main] c.c.pay.dao.TChannelMapper.selectOne     : ==>  Preparing: SELECT id,create_by,create_time,update_by,update_time,limit_times,merchant,channel_name,channel_code,pay_type_id,status,channel_quota,total_amount,extend,today_amount,rate,content_type,request_type,request_url,notify_url,limit_amount FROM t_channel WHERE id = ? 
2019-09-11 14:38:03.488 DEBUG 20148 --- [main] c.c.pay.dao.TChannelMapper.selectOne     : ==> Parameters: 8(Long)
2019-09-11 14:38:03.489 DEBUG 20148 --- [main] c.c.pay.dao.TChannelMapper.selectOne     : <==      Total: 0
2019-09-11 14:38:03.490 DEBUG 20148 --- [main] c.c.pay.dao.TChannelMapper.selectOne     : ==>  Preparing: SELECT id,create_by,create_time,update_by,update_time,limit_times,merchant,channel_name,channel_code,pay_type_id,status,channel_quota,total_amount,extend,today_amount,rate,content_type,request_type,request_url,notify_url,limit_amount FROM t_channel WHERE id = ? 
2019-09-11 14:38:03.491 DEBUG 20148 --- [main] c.c.pay.dao.TChannelMapper.selectOne     : ==> Parameters: 9(Long)
2019-09-11 14:38:03.493 DEBUG 20148 --- [main] c.c.pay.dao.TChannelMapper.selectOne     : <==      Total: 1
2019-09-11 14:38:03.494 DEBUG 20148 --- [main] c.c.p.d.TChannelAccountMapper.selectOne  : ==>  Preparing: SELECT id,create_by,create_time,update_by,update_time,account,sign_key,public_key,channel_id,status,today_amount,total_amount,order_num,limit_amount,password FROM t_channel_account WHERE channel_id = ? 
2019-09-11 14:38:03.494 DEBUG 20148 --- [main] c.c.p.d.TChannelAccountMapper.selectOne  : ==> Parameters: 9(Long)
2019-09-11 14:38:03.496 DEBUG 20148 --- [main] c.c.p.d.TChannelAccountMapper.selectOne  : <==      Total: 1
2019-09-11 14:38:03.497  INFO 20148 --- [main] c.c.pay.common.channel.ChannelFactory    : 通道:{"channelCode":"saomafu","channelName":"扫码付支付","id":9,"limitAmount":5000000.00,"limitTimes":999999,"notifyUrl":"http://47.75.146.15:8080/order/notify/","payTypeId":2,"rate":0.033000,"requestUrl":"http://www.xifunet.com/api/v1/order/bulidOrder","status":"0","todayAmount":0.00,"totalAmount":0.00}已注册
2019-09-11 14:38:03.499 DEBUG 20148 --- [main] c.c.pay.dao.TChannelMapper.selectOne     : ==>  Preparing: SELECT id,create_by,create_time,update_by,update_time,limit_times,merchant,channel_name,channel_code,pay_type_id,status,channel_quota,total_amount,extend,today_amount,rate,content_type,request_type,request_url,notify_url,limit_amount FROM t_channel WHERE id = ? 
2019-09-11 14:38:03.501 DEBUG 20148 --- [main] c.c.pay.dao.TChannelMapper.selectOne     : ==> Parameters: 10(Long)
2019-09-11 14:38:03.503 DEBUG 20148 --- [main] c.c.pay.dao.TChannelMapper.selectOne     : <==      Total: 1
2019-09-11 14:38:03.505 DEBUG 20148 --- [main] c.c.p.d.TChannelAccountMapper.selectOne  : ==>  Preparing: SELECT id,create_by,create_time,update_by,update_time,account,sign_key,public_key,channel_id,status,today_amount,total_amount,order_num,limit_amount,password FROM t_channel_account WHERE channel_id = ? 
2019-09-11 14:38:03.506 DEBUG 20148 --- [main] c.c.p.d.TChannelAccountMapper.selectOne  : ==> Parameters: 10(Long)
2019-09-11 14:38:03.508 DEBUG 20148 --- [main] c.c.p.d.TChannelAccountMapper.selectOne  : <==      Total: 1
2019-09-11 14:38:03.509  INFO 20148 --- [main] c.c.pay.common.channel.ChannelFactory    : 通道:{"channelCode":"youzan","channelName":"有赞","id":10,"limitAmount":5000000.00,"limitTimes":999999,"notifyUrl":"http://47.75.146.15:8080/order/notify/","payTypeId":2,"rate":0.033000,"requestUrl":"http://139.129.101.152:8080/yz/order/pay","status":"0","todayAmount":296510.00,"totalAmount":296510.00}已注册
2019-09-11 14:38:03.511 DEBUG 20148 --- [main] c.c.pay.dao.TChannelMapper.selectOne     : ==>  Preparing: SELECT id,create_by,create_time,update_by,update_time,limit_times,merchant,channel_name,channel_code,pay_type_id,status,channel_quota,total_amount,extend,today_amount,rate,content_type,request_type,request_url,notify_url,limit_amount FROM t_channel WHERE id = ? 
2019-09-11 14:38:03.512 DEBUG 20148 --- [main] c.c.pay.dao.TChannelMapper.selectOne     : ==> Parameters: 11(Long)
2019-09-11 14:38:03.514 DEBUG 20148 --- [main] c.c.pay.dao.TChannelMapper.selectOne     : <==      Total: 1
2019-09-11 14:38:03.515 DEBUG 20148 --- [main] c.c.p.d.TChannelAccountMapper.selectOne  : ==>  Preparing: SELECT id,create_by,create_time,update_by,update_time,account,sign_key,public_key,channel_id,status,today_amount,total_amount,order_num,limit_amount,password FROM t_channel_account WHERE channel_id = ? 
2019-09-11 14:38:03.515 DEBUG 20148 --- [main] c.c.p.d.TChannelAccountMapper.selectOne  : ==> Parameters: 11(Long)
2019-09-11 14:38:03.517 DEBUG 20148 --- [main] c.c.p.d.TChannelAccountMapper.selectOne  : <==      Total: 1
2019-09-11 14:38:03.519  INFO 20148 --- [main] c.c.pay.common.channel.ChannelFactory    : 通道:{"channelCode":"suda","channelName":"速达支付","id":11,"limitAmount":5000000.00,"limitTimes":999999,"notifyUrl":"http://47.75.146.15:8080/order/notify/","payTypeId":2,"rate":0.033000,"requestUrl":"http://www.mmqwe.cn/Pay_Index.html","status":"0","todayAmount":116181.00,"totalAmount":116181.00}已注册
2019-09-11 14:38:03.520 DEBUG 20148 --- [main] c.c.pay.dao.TChannelMapper.selectOne     : ==>  Preparing: SELECT id,create_by,create_time,update_by,update_time,limit_times,merchant,channel_name,channel_code,pay_type_id,status,channel_quota,total_amount,extend,today_amount,rate,content_type,request_type,request_url,notify_url,limit_amount FROM t_channel WHERE id = ? 
2019-09-11 14:38:03.521 DEBUG 20148 --- [main] c.c.pay.dao.TChannelMapper.selectOne     : ==> Parameters: 12(Long)
2019-09-11 14:38:03.522 DEBUG 20148 --- [main] c.c.pay.dao.TChannelMapper.selectOne     : <==      Total: 1
2019-09-11 14:38:03.523 DEBUG 20148 --- [main] c.c.p.d.TChannelAccountMapper.selectOne  : ==>  Preparing: SELECT id,create_by,create_time,update_by,update_time,account,sign_key,public_key,channel_id,status,today_amount,total_amount,order_num,limit_amount,password FROM t_channel_account WHERE channel_id = ? 
2019-09-11 14:38:03.524 DEBUG 20148 --- [main] c.c.p.d.TChannelAccountMapper.selectOne  : ==> Parameters: 12(Long)
2019-09-11 14:38:03.532 DEBUG 20148 --- [main] c.c.p.d.TChannelAccountMapper.selectOne  : <==      Total: 1
2019-09-11 14:38:03.533  INFO 20148 --- [main] c.c.pay.common.channel.ChannelFactory    : 通道:{"channelCode":"cloudpay","channelName":"帝王云闪付","id":12,"limitAmount":5000000.00,"limitTimes":999999,"notifyUrl":"http://47.75.146.15:8080/order/notify/","payTypeId":3,"rate":0.033000,"requestUrl":"http://chaotudw.com/pay","status":"0","todayAmount":0.00,"totalAmount":0.00}已注册
2019-09-11 14:38:03.535 DEBUG 20148 --- [main] c.c.pay.dao.TChannelMapper.selectOne     : ==>  Preparing: SELECT id,create_by,create_time,update_by,update_time,limit_times,merchant,channel_name,channel_code,pay_type_id,status,channel_quota,total_amount,extend,today_amount,rate,content_type,request_type,request_url,notify_url,limit_amount FROM t_channel WHERE id = ? 
2019-09-11 14:38:03.536 DEBUG 20148 --- [main] c.c.pay.dao.TChannelMapper.selectOne     : ==> Parameters: 13(Long)
2019-09-11 14:38:03.538 DEBUG 20148 --- [main] c.c.pay.dao.TChannelMapper.selectOne     : <==      Total: 1
2019-09-11 14:38:03.539 DEBUG 20148 --- [main] c.c.p.d.TChannelAccountMapper.selectOne  : ==>  Preparing: SELECT id,create_by,create_time,update_by,update_time,account,sign_key,public_key,channel_id,status,today_amount,total_amount,order_num,limit_amount,password FROM t_channel_account WHERE channel_id = ? 
2019-09-11 14:38:03.539 DEBUG 20148 --- [main] c.c.p.d.TChannelAccountMapper.selectOne  : ==> Parameters: 13(Long)
2019-09-11 14:38:03.541 DEBUG 20148 --- [main] c.c.p.d.TChannelAccountMapper.selectOne  : <==      Total: 1
2019-09-11 14:38:03.543  INFO 20148 --- [main] c.c.pay.common.channel.ChannelFactory    : 通道:{"channelCode":"rongyifu","channelName":"融易付","id":13,"limitAmount":5000000.00,"limitTimes":999999,"notifyUrl":"http://47.75.146.15:8080/order/notify/","payTypeId":2,"rate":0.033000,"requestUrl":"http://www.payeasy.xin/api","status":"0","todayAmount":1801.00,"totalAmount":1801.00}已注册
2019-09-11 14:38:03.544 DEBUG 20148 --- [main] c.c.pay.dao.TChannelMapper.selectOne     : ==>  Preparing: SELECT id,create_by,create_time,update_by,update_time,limit_times,merchant,channel_name,channel_code,pay_type_id,status,channel_quota,total_amount,extend,today_amount,rate,content_type,request_type,request_url,notify_url,limit_amount FROM t_channel WHERE id = ? 
2019-09-11 14:38:03.544 DEBUG 20148 --- [main] c.c.pay.dao.TChannelMapper.selectOne     : ==> Parameters: 14(Long)
2019-09-11 14:38:03.546 DEBUG 20148 --- [main] c.c.pay.dao.TChannelMapper.selectOne     : <==      Total: 1
2019-09-11 14:38:03.547 DEBUG 20148 --- [main] c.c.p.d.TChannelAccountMapper.selectOne  : ==>  Preparing: SELECT id,create_by,create_time,update_by,update_time,account,sign_key,public_key,channel_id,status,today_amount,total_amount,order_num,limit_amount,password FROM t_channel_account WHERE channel_id = ? 
2019-09-11 14:38:03.547 DEBUG 20148 --- [main] c.c.p.d.TChannelAccountMapper.selectOne  : ==> Parameters: 14(Long)
2019-09-11 14:38:03.549 DEBUG 20148 --- [main] c.c.p.d.TChannelAccountMapper.selectOne  : <==      Total: 1
2019-09-11 14:38:03.554  INFO 20148 --- [main] c.c.pay.common.channel.ChannelFactory    : 通道:{"channelCode":"HiPay","channelName":"HiPay","id":14,"limitAmount":5000000.00,"limitTimes":999999,"notifyUrl":"http://47.75.146.15:8080/order/notify/","payTypeId":2,"rate":0.033000,"requestUrl":"https://www.hipay8888.com","status":"0","todayAmount":0.00,"totalAmount":0.00}已注册
2019-09-11 14:38:03.555 DEBUG 20148 --- [main] c.c.pay.dao.TChannelMapper.selectOne     : ==>  Preparing: SELECT id,create_by,create_time,update_by,update_time,limit_times,merchant,channel_name,channel_code,pay_type_id,status,channel_quota,total_amount,extend,today_amount,rate,content_type,request_type,request_url,notify_url,limit_amount FROM t_channel WHERE id = ? 
2019-09-11 14:38:03.556 DEBUG 20148 --- [main] c.c.pay.dao.TChannelMapper.selectOne     : ==> Parameters: 15(Long)
2019-09-11 14:38:03.558 DEBUG 20148 --- [main] c.c.pay.dao.TChannelMapper.selectOne     : <==      Total: 1
2019-09-11 14:38:03.559 DEBUG 20148 --- [main] c.c.p.d.TChannelAccountMapper.selectOne  : ==>  Preparing: SELECT id,create_by,create_time,update_by,update_time,account,sign_key,public_key,channel_id,status,today_amount,total_amount,order_num,limit_amount,password FROM t_channel_account WHERE channel_id = ? 
2019-09-11 14:38:03.559 DEBUG 20148 --- [main] c.c.p.d.TChannelAccountMapper.selectOne  : ==> Parameters: 15(Long)
2019-09-11 14:38:03.560 DEBUG 20148 --- [main] c.c.p.d.TChannelAccountMapper.selectOne  : <==      Total: 1
2019-09-11 14:38:03.561  INFO 20148 --- [main] c.c.pay.common.channel.ChannelFactory    : 通道:{"channelCode":"kuaiyou","channelName":"快优支付","id":15,"limitAmount":5000000.00,"limitTimes":999999,"notifyUrl":"http://47.75.146.15:8080/order/notify/","payTypeId":2,"rate":0.033000,"requestUrl":"http://www.youkuaipay.com/Pay_Index.html","status":"0","todayAmount":0.00,"totalAmount":0.00}已注册
2019-09-11 14:38:03.562 DEBUG 20148 --- [main] c.c.pay.dao.TChannelMapper.selectOne     : ==>  Preparing: SELECT id,create_by,create_time,update_by,update_time,limit_times,merchant,channel_name,channel_code,pay_type_id,status,channel_quota,total_amount,extend,today_amount,rate,content_type,request_type,request_url,notify_url,limit_amount FROM t_channel WHERE id = ? 
2019-09-11 14:38:03.562 DEBUG 20148 --- [main] c.c.pay.dao.TChannelMapper.selectOne     : ==> Parameters: 16(Long)
2019-09-11 14:38:03.564 DEBUG 20148 --- [main] c.c.pay.dao.TChannelMapper.selectOne     : <==      Total: 1
2019-09-11 14:38:03.565 DEBUG 20148 --- [main] c.c.p.d.TChannelAccountMapper.selectOne  : ==>  Preparing: SELECT id,create_by,create_time,update_by,update_time,account,sign_key,public_key,channel_id,status,today_amount,total_amount,order_num,limit_amount,password FROM t_channel_account WHERE channel_id = ? 
2019-09-11 14:38:03.566 DEBUG 20148 --- [main] c.c.p.d.TChannelAccountMapper.selectOne  : ==> Parameters: 16(Long)
2019-09-11 14:38:03.568 DEBUG 20148 --- [main] c.c.p.d.TChannelAccountMapper.selectOne  : <==      Total: 1
2019-09-11 14:38:03.569  INFO 20148 --- [main] c.c.pay.common.channel.ChannelFactory    : 通道:{"channelCode":"youkuai","channelName":"优快_帝王","id":16,"limitAmount":5000000.00,"limitTimes":999999,"notifyUrl":"http://47.75.146.15:8080/order/notify/","payTypeId":2,"rate":0.033000,"requestUrl":"http://www.youkuaipay.com/Pay_Index.html","status":"0","todayAmount":0.00,"totalAmount":0.00}已注册
2019-09-11 14:38:03.573 DEBUG 20148 --- [main] c.c.pay.dao.TChannelMapper.selectOne     : ==>  Preparing: SELECT id,create_by,create_time,update_by,update_time,limit_times,merchant,channel_name,channel_code,pay_type_id,status,channel_quota,total_amount,extend,today_amount,rate,content_type,request_type,request_url,notify_url,limit_amount FROM t_channel WHERE id = ? 
2019-09-11 14:38:03.574 DEBUG 20148 --- [main] c.c.pay.dao.TChannelMapper.selectOne     : ==> Parameters: 17(Long)
2019-09-11 14:38:03.576 DEBUG 20148 --- [main] c.c.pay.dao.TChannelMapper.selectOne     : <==      Total: 1
2019-09-11 14:38:03.577 DEBUG 20148 --- [main] c.c.p.d.TChannelAccountMapper.selectOne  : ==>  Preparing: SELECT id,create_by,create_time,update_by,update_time,account,sign_key,public_key,channel_id,status,today_amount,total_amount,order_num,limit_amount,password FROM t_channel_account WHERE channel_id = ? 
2019-09-11 14:38:03.577 DEBUG 20148 --- [main] c.c.p.d.TChannelAccountMapper.selectOne  : ==> Parameters: 17(Long)
2019-09-11 14:38:03.579 DEBUG 20148 --- [main] c.c.p.d.TChannelAccountMapper.selectOne  : <==      Total: 1
2019-09-11 14:38:03.580  INFO 20148 --- [main] c.c.pay.common.channel.ChannelFactory    : 通道:{"channelCode":"xiantaoba","channelName":"西安淘吧","id":17,"limitAmount":5000000.00,"limitTimes":999999,"notifyUrl":"http://47.75.146.15:8080/order/notify/","payTypeId":2,"rate":0.033000,"requestUrl":"http://dwchaotu.com:8848/qrpay/pay/json","status":"1","todayAmount":400.00,"totalAmount":400.00}已注册
2019-09-11 14:38:03.620 DEBUG 20148 --- [main] c.c.p.d.TChannelMapper.selectByExample   : ==>  Preparing: SELECT id,create_by,create_time,update_by,update_time,limit_times,merchant,channel_name,channel_code,pay_type_id,status,channel_quota,total_amount,extend,today_amount,rate,content_type,request_type,request_url,notify_url,limit_amount FROM t_channel WHERE ( status = ? ) 
2019-09-11 14:38:03.622 DEBUG 20148 --- [main] c.c.p.d.TChannelMapper.selectByExample   : ==> Parameters: 1(Integer)
2019-09-11 14:38:03.626 DEBUG 20148 --- [main] c.c.p.d.TChannelMapper.selectByExample   : <==      Total: 1
2019-09-11 14:38:04.572  WARN 20148 --- [main] c.c.p.c.s.p.MyFilterSecurityInterceptor  : Could not validate configuration attributes as the SecurityMetadataSource did not return any attributes from getAllConfigAttributes()
2019-09-11 14:38:05.473 DEBUG 20148 --- [main] c.c.p.dao.TConfigParamMapper.selectAll   : ==>  Preparing: SELECT id,param_name,param_value,description FROM t_config_param 
2019-09-11 14:38:05.474 DEBUG 20148 --- [main] c.c.p.dao.TConfigParamMapper.selectAll   : ==> Parameters: 
2019-09-11 14:38:05.479 DEBUG 20148 --- [main] c.c.p.dao.TConfigParamMapper.selectAll   : <==      Total: 2
2019-09-11 14:38:06.174  WARN 20148 --- [main] t.m.m.m.resolve.DefaultEntityResolve     : 通用 Mapper 警告信息: <[EntityColumn{table=t_pdd_goods, property='pddAccountId', column='pdd_account_id', javaType=int, jdbcType=null, typeHandler=null, id=false, identity=false, blob=false, generator='null', orderBy='null', insertable=true, updatable=true, order=DEFAULT}]> 使用了基本类型，基本类型在动态 SQL 中由于存在默认值，因此任何时候都不等于 null，建议修改基本类型为对应的包装类型!
2019-09-11 14:38:06.302  WARN 20148 --- [main] t.m.m.m.resolve.DefaultEntityResolve     : 通用 Mapper 警告信息: <[EntityColumn{table=t_pdd_order, property='sendTimes', column='send_times', javaType=int, jdbcType=null, typeHandler=null, id=false, identity=false, blob=false, generator='null', orderBy='null', insertable=true, updatable=true, order=DEFAULT}]> 使用了基本类型，基本类型在动态 SQL 中由于存在默认值，因此任何时候都不等于 null，建议修改基本类型为对应的包装类型!
2019-09-11 14:38:06.302  WARN 20148 --- [main] t.m.m.m.resolve.DefaultEntityResolve     : 通用 Mapper 警告信息: <[EntityColumn{table=t_pdd_order, property='isHistory', column='is_history', javaType=int, jdbcType=null, typeHandler=null, id=false, identity=false, blob=false, generator='null', orderBy='null', insertable=true, updatable=true, order=DEFAULT}]> 使用了基本类型，基本类型在动态 SQL 中由于存在默认值，因此任何时候都不等于 null，建议修改基本类型为对应的包装类型!
2019-09-11 14:38:08.438  INFO 20148 --- [main] o.s.s.concurrent.ThreadPoolTaskExecutor  : Initializing ExecutorService 'applicationTaskExecutor'
2019-09-11 14:38:08.633  WARN 20148 --- [main] aWebConfiguration$JpaWebMvcConfiguration : spring.jpa.open-in-view is enabled by default. Therefore, database queries may be performed during view rendering. Explicitly configure spring.jpa.open-in-view to disable this warning
2019-09-11 14:38:09.078  INFO 20148 --- [main] c.u.j.encryptor.DefaultLazyEncryptor     : String Encryptor custom Bean not found with name 'jasyptStringEncryptor'. Initializing Default String Encryptor
2019-09-11 14:38:09.094  INFO 20148 --- [main] c.u.j.encryptor.DefaultLazyEncryptor     : Encryptor config not found for property jasypt.encryptor.algorithm, using default value: PBEWithMD5AndDES
2019-09-11 14:38:09.095  INFO 20148 --- [main] c.u.j.encryptor.DefaultLazyEncryptor     : Encryptor config not found for property jasypt.encryptor.keyObtentionIterations, using default value: 1000
2019-09-11 14:38:09.095  INFO 20148 --- [main] c.u.j.encryptor.DefaultLazyEncryptor     : Encryptor config not found for property jasypt.encryptor.poolSize, using default value: 1
2019-09-11 14:38:09.096  INFO 20148 --- [main] c.u.j.encryptor.DefaultLazyEncryptor     : Encryptor config not found for property jasypt.encryptor.providerName, using default value: null
2019-09-11 14:38:09.096  INFO 20148 --- [main] c.u.j.encryptor.DefaultLazyEncryptor     : Encryptor config not found for property jasypt.encryptor.providerClassName, using default value: null
2019-09-11 14:38:09.097  INFO 20148 --- [main] c.u.j.encryptor.DefaultLazyEncryptor     : Encryptor config not found for property jasypt.encryptor.saltGeneratorClassname, using default value: org.jasypt.salt.RandomSaltGenerator
2019-09-11 14:38:09.098  INFO 20148 --- [main] c.u.j.encryptor.DefaultLazyEncryptor     : Encryptor config not found for property jasypt.encryptor.stringOutputType, using default value: base64
2019-09-11 14:38:09.870  INFO 20148 --- [main] t.m.m.autoconfigure.MapperCacheDisabler  : Clear tk.mybatis.mapper.util.MsUtil CLASS_CACHE cache.
2019-09-11 14:38:09.872  INFO 20148 --- [main] t.m.m.autoconfigure.MapperCacheDisabler  : Clear tk.mybatis.mapper.genid.GenIdUtil CACHE cache.
2019-09-11 14:38:09.873  INFO 20148 --- [main] t.m.m.autoconfigure.MapperCacheDisabler  : Clear tk.mybatis.mapper.version.VersionUtil CACHE cache.
2019-09-11 14:38:09.874  INFO 20148 --- [main] t.m.m.autoconfigure.MapperCacheDisabler  : Clear EntityHelper entityTableMap cache.
2019-09-11 14:38:12.274  INFO 20148 --- [main] o.s.s.web.DefaultSecurityFilterChain     : Creating filter chain: any request, [org.springframework.security.web.context.request.async.WebAsyncManagerIntegrationFilter@1477d4e6, org.springframework.security.web.context.SecurityContextPersistenceFilter@46051269, org.springframework.security.web.header.HeaderWriterFilter@4c0ab04f, org.springframework.security.web.authentication.logout.LogoutFilter@1a73f3d1, org.springframework.security.web.authentication.UsernamePasswordAuthenticationFilter@4b552b13, com.chaotu.pay.config.security.jwt.JWTAuthenticationFilter@30b97fcf, org.springframework.security.web.savedrequest.RequestCacheAwareFilter@5b5a89d1, org.springframework.security.web.servletapi.SecurityContextHolderAwareRequestFilter@3f78a5ed, org.springframework.security.web.authentication.AnonymousAuthenticationFilter@b791e6e, org.springframework.security.web.session.SessionManagementFilter@4e826fd4, org.springframework.security.web.access.ExceptionTranslationFilter@468646ea, com.chaotu.pay.config.security.permission.MyFilterSecurityInterceptor@5da3f32a, org.springframework.security.web.access.intercept.FilterSecurityInterceptor@4e481512]
2019-09-11 14:38:13.071  INFO 20148 --- [main] org.quartz.impl.StdSchedulerFactory      : Using default implementation for ThreadExecutor
2019-09-11 14:38:13.091  INFO 20148 --- [main] org.quartz.core.SchedulerSignalerImpl    : Initialized Scheduler Signaller of type: class org.quartz.core.SchedulerSignalerImpl
2019-09-11 14:38:13.092  INFO 20148 --- [main] org.quartz.core.QuartzScheduler          : Quartz Scheduler v.2.3.0 created.
2019-09-11 14:38:13.095  INFO 20148 --- [main] o.s.s.quartz.LocalDataSourceJobStore     : Using db table-based data access locking (synchronization).
2019-09-11 14:38:13.100  INFO 20148 --- [main] o.s.s.quartz.LocalDataSourceJobStore     : JobStoreCMT initialized.
2019-09-11 14:38:13.101  INFO 20148 --- [main] org.quartz.core.QuartzScheduler          : Scheduler meta-data: Quartz Scheduler (v2.3.0) 'quartzScheduler' with instanceId 'NON_CLUSTERED'
  Scheduler class: 'org.quartz.core.QuartzScheduler' - running locally.
  NOT STARTED.
  Currently in standby mode.
  Number of jobs executed: 0
  Using thread pool 'org.quartz.simpl.SimpleThreadPool' - with 10 threads.
  Using job-store 'org.springframework.scheduling.quartz.LocalDataSourceJobStore' - which supports persistence. and is not clustered.

2019-09-11 14:38:13.102  INFO 20148 --- [main] org.quartz.impl.StdSchedulerFactory      : Quartz scheduler 'quartzScheduler' initialized from an externally provided properties instance.
2019-09-11 14:38:13.102  INFO 20148 --- [main] org.quartz.impl.StdSchedulerFactory      : Quartz scheduler version: 2.3.0
2019-09-11 14:38:13.103  INFO 20148 --- [main] org.quartz.core.QuartzScheduler          : JobFactory set to: org.springframework.scheduling.quartz.SpringBeanJobFactory@74b521c
2019-09-11 14:38:13.356  INFO 20148 --- [main] o.s.b.a.e.web.EndpointLinksResolver      : Exposing 2 endpoint(s) beneath base path '/actuator'
2019-09-11 14:38:13.460  INFO 20148 --- [main] o.s.s.c.ThreadPoolTaskScheduler          : Initializing ExecutorService 'taskScheduler'
2019-09-11 14:38:13.527  WARN 20148 --- [main] arterDeprecationWarningAutoConfiguration : spring-boot-starter-redis is deprecated as of Spring Boot 1.4, please migrate to spring-boot-starter-data-redis
2019-09-11 14:38:13.685  INFO 20148 --- [main] o.s.a.r.c.CachingConnectionFactory       : Attempting to connect to: localhost:5672
2019-09-11 14:38:13.939  INFO 20148 --- [main] o.s.a.r.c.CachingConnectionFactory       : Created new connection: connectionFactory#29592929:0/SimpleConnection@4844e24b [delegate=amqp://guest@127.0.0.1:5672/, localPort= 58243]
2019-09-11 14:38:14.159  INFO 20148 --- [main] o.s.s.quartz.SchedulerFactoryBean        : Starting Quartz Scheduler now
2019-09-11 14:38:14.284  INFO 20148 --- [main] o.s.s.quartz.LocalDataSourceJobStore     : Freed 0 triggers from 'acquired' / 'blocked' state.
2019-09-11 14:38:14.311  INFO 20148 --- [main] o.s.s.quartz.LocalDataSourceJobStore     : Recovering 0 jobs that were in-progress at the time of the last shut-down.
2019-09-11 14:38:14.312  INFO 20148 --- [main] o.s.s.quartz.LocalDataSourceJobStore     : Recovery complete.
2019-09-11 14:38:14.313  INFO 20148 --- [main] o.s.s.quartz.LocalDataSourceJobStore     : Removed 0 'complete' triggers.
2019-09-11 14:38:14.326  INFO 20148 --- [main] o.s.s.quartz.LocalDataSourceJobStore     : Removed 0 stale fired job entries.
2019-09-11 14:38:14.328  INFO 20148 --- [main] org.quartz.core.QuartzScheduler          : Scheduler quartzScheduler_$_NON_CLUSTERED started.
2019-09-11 14:38:14.358  INFO 20148 --- [main] com.chaotu.pay.PayWebApplicationTests    : Started PayWebApplicationTests in 21.322 seconds (JVM running for 22.472)
2019-09-11 14:38:14.527  INFO 20148 --- [Thread-6] o.s.a.r.l.SimpleMessageListenerContainer : Waiting for workers to finish.
2019-09-11 14:38:15.122  INFO 20148 --- [Thread-6] o.s.a.r.l.SimpleMessageListenerContainer : Successfully waited for workers to finish.
2019-09-11 14:38:15.157  INFO 20148 --- [Thread-6] o.s.a.r.l.SimpleMessageListenerContainer : Waiting for workers to finish.
2019-09-11 14:38:15.164  INFO 20148 --- [Thread-6] o.s.a.r.l.SimpleMessageListenerContainer : Successfully waited for workers to finish.
2019-09-11 14:38:15.166  INFO 20148 --- [Thread-6] org.quartz.core.QuartzScheduler          : Scheduler quartzScheduler_$_NON_CLUSTERED paused.
2019-09-11 14:38:15.167  INFO 20148 --- [Thread-6] o.s.s.c.ThreadPoolTaskScheduler          : Shutting down ExecutorService 'taskScheduler'
2019-09-11 14:38:15.168  INFO 20148 --- [Thread-6] o.s.s.quartz.SchedulerFactoryBean        : Shutting down Quartz Scheduler
2019-09-11 14:38:15.168  INFO 20148 --- [Thread-6] org.quartz.core.QuartzScheduler          : Scheduler quartzScheduler_$_NON_CLUSTERED shutting down.
2019-09-11 14:38:15.168  INFO 20148 --- [Thread-6] org.quartz.core.QuartzScheduler          : Scheduler quartzScheduler_$_NON_CLUSTERED paused.
2019-09-11 14:38:15.171  INFO 20148 --- [Thread-6] org.quartz.core.QuartzScheduler          : Scheduler quartzScheduler_$_NON_CLUSTERED shutdown complete.
2019-09-11 14:38:15.172  INFO 20148 --- [Thread-6] o.s.a.r.l.SimpleMessageListenerContainer : Shutdown ignored - container is not active already
2019-09-11 14:38:15.173  INFO 20148 --- [Thread-6] o.s.a.r.l.SimpleMessageListenerContainer : Shutdown ignored - container is not active already
2019-09-11 14:38:15.173  INFO 20148 --- [Thread-6] o.s.s.concurrent.ThreadPoolTaskExecutor  : Shutting down ExecutorService 'applicationTaskExecutor'
2019-09-11 14:38:15.186  INFO 20148 --- [Thread-6] j.LocalContainerEntityManagerFactoryBean : Closing JPA EntityManagerFactory for persistence unit 'default'
2019-09-11 14:38:15.197  INFO 20148 --- [Thread-6] com.alibaba.druid.pool.DruidDataSource   : {dataSource-1} closed
2019-09-11 14:38:50.263  INFO 20864 --- [main] com.chaotu.pay.PayWebApplicationTests    : Starting PayWebApplicationTests on DESKTOP-M1K3MS2 with PID 20864 (started by cwol in D:\IdeaProjects\pay-all\pay-web)
2019-09-11 14:38:50.265  INFO 20864 --- [main] com.chaotu.pay.PayWebApplicationTests    : The following profiles are active: dev
2019-09-11 14:38:52.211  WARN 20864 --- [main] t.m.s.mapper.ClassPathMapperScanner      : No MyBatis mapper was found in '[com.chaotu.pay]' package. Please check your configuration.
2019-09-11 14:38:52.273  WARN 20864 --- [main] o.m.s.mapper.ClassPathMapperScanner      : No MyBatis mapper was found in '[com.chaotu.pay]' package. Please check your configuration.
2019-09-11 14:38:52.526  INFO 20864 --- [main] .s.d.r.c.RepositoryConfigurationDelegate : Multiple Spring Data modules found, entering strict repository configuration mode!
2019-09-11 14:38:52.529  INFO 20864 --- [main] .s.d.r.c.RepositoryConfigurationDelegate : Bootstrapping Spring Data repositories in DEFAULT mode.
2019-09-11 14:38:52.646  INFO 20864 --- [main] .s.d.r.c.RepositoryConfigurationDelegate : Finished Spring Data repository scanning in 107ms. Found 0 repository interfaces.
2019-09-11 14:38:52.665  INFO 20864 --- [main] .s.d.r.c.RepositoryConfigurationDelegate : Multiple Spring Data modules found, entering strict repository configuration mode!
2019-09-11 14:38:52.667  INFO 20864 --- [main] .s.d.r.c.RepositoryConfigurationDelegate : Bootstrapping Spring Data repositories in DEFAULT mode.
2019-09-11 14:38:52.740  INFO 20864 --- [main] .s.d.r.c.RepositoryConfigurationDelegate : Finished Spring Data repository scanning in 57ms. Found 0 repository interfaces.
2019-09-11 14:38:53.719  INFO 20864 --- [main] ptablePropertiesBeanFactoryPostProcessor : Post-processing PropertySource instances
2019-09-11 14:38:53.822  INFO 20864 --- [main] c.u.j.EncryptablePropertySourceConverter : Converting PropertySource configurationProperties [org.springframework.boot.context.properties.source.ConfigurationPropertySourcesPropertySource] to AOP Proxy
2019-09-11 14:38:53.823  INFO 20864 --- [main] c.u.j.EncryptablePropertySourceConverter : Converting PropertySource Inlined Test Properties [org.springframework.core.env.MapPropertySource] to EncryptableMapPropertySourceWrapper
2019-09-11 14:38:53.823  INFO 20864 --- [main] c.u.j.EncryptablePropertySourceConverter : Converting PropertySource systemProperties [org.springframework.core.env.MapPropertySource] to EncryptableMapPropertySourceWrapper
2019-09-11 14:38:53.823  INFO 20864 --- [main] c.u.j.EncryptablePropertySourceConverter : Converting PropertySource systemEnvironment [org.springframework.boot.env.SystemEnvironmentPropertySourceEnvironmentPostProcessor$OriginAwareSystemEnvironmentPropertySource] to EncryptableMapPropertySourceWrapper
2019-09-11 14:38:53.824  INFO 20864 --- [main] c.u.j.EncryptablePropertySourceConverter : Converting PropertySource random [org.springframework.boot.env.RandomValuePropertySource] to EncryptablePropertySourceWrapper
2019-09-11 14:38:53.825  INFO 20864 --- [main] c.u.j.EncryptablePropertySourceConverter : Converting PropertySource applicationConfig: [classpath:/application-dev.yml] [org.springframework.boot.env.OriginTrackedMapPropertySource] to EncryptableMapPropertySourceWrapper
2019-09-11 14:38:53.825  INFO 20864 --- [main] c.u.j.EncryptablePropertySourceConverter : Converting PropertySource applicationConfig: [classpath:/application.yml] [org.springframework.boot.env.OriginTrackedMapPropertySource] to EncryptableMapPropertySourceWrapper
2019-09-11 14:38:53.952  INFO 20864 --- [main] c.u.j.filter.DefaultLazyPropertyFilter   : Property Filter custom Bean not found with name 'encryptablePropertyFilter'. Initializing Default Property Filter
2019-09-11 14:38:53.991  INFO 20864 --- [main] trationDelegate$BeanPostProcessorChecker : Bean 'org.springframework.amqp.rabbit.annotation.RabbitBootstrapConfiguration' of type [org.springframework.amqp.rabbit.annotation.RabbitBootstrapConfiguration$$EnhancerBySpringCGLIB$$ddb81a7c] is not eligible for getting processed by all BeanPostProcessors (for example: not eligible for auto-proxying)
2019-09-11 14:38:54.105  INFO 20864 --- [main] trationDelegate$BeanPostProcessorChecker : Bean 'org.springframework.transaction.annotation.ProxyTransactionManagementConfiguration' of type [org.springframework.transaction.annotation.ProxyTransactionManagementConfiguration$$EnhancerBySpringCGLIB$$174c5c4e] is not eligible for getting processed by all BeanPostProcessors (for example: not eligible for auto-proxying)
2019-09-11 14:38:54.385  INFO 20864 --- [main] trationDelegate$BeanPostProcessorChecker : Bean 'org.springframework.security.config.annotation.configuration.ObjectPostProcessorConfiguration' of type [org.springframework.security.config.annotation.configuration.ObjectPostProcessorConfiguration$$EnhancerBySpringCGLIB$$affa2488] is not eligible for getting processed by all BeanPostProcessors (for example: not eligible for auto-proxying)
2019-09-11 14:38:54.397  INFO 20864 --- [main] trationDelegate$BeanPostProcessorChecker : Bean 'objectPostProcessor' of type [org.springframework.security.config.annotation.configuration.AutowireBeanFactoryObjectPostProcessor] is not eligible for getting processed by all BeanPostProcessors (for example: not eligible for auto-proxying)
2019-09-11 14:38:54.401  INFO 20864 --- [main] trationDelegate$BeanPostProcessorChecker : Bean 'org.springframework.security.access.expression.method.DefaultMethodSecurityExpressionHandler@5b8572df' of type [org.springframework.security.access.expression.method.DefaultMethodSecurityExpressionHandler] is not eligible for getting processed by all BeanPostProcessors (for example: not eligible for auto-proxying)
2019-09-11 14:38:54.410  INFO 20864 --- [main] trationDelegate$BeanPostProcessorChecker : Bean 'org.springframework.security.config.annotation.method.configuration.GlobalMethodSecurityConfiguration' of type [org.springframework.security.config.annotation.method.configuration.GlobalMethodSecurityConfiguration$$EnhancerBySpringCGLIB$$d4cec73a] is not eligible for getting processed by all BeanPostProcessors (for example: not eligible for auto-proxying)
2019-09-11 14:38:54.428  INFO 20864 --- [main] trationDelegate$BeanPostProcessorChecker : Bean 'methodSecurityMetadataSource' of type [org.springframework.security.access.method.DelegatingMethodSecurityMetadataSource] is not eligible for getting processed by all BeanPostProcessors (for example: not eligible for auto-proxying)
2019-09-11 14:38:54.500  INFO 20864 --- [main] c.a.d.s.b.a.DruidDataSourceAutoConfigure : Init DruidDataSource
2019-09-11 14:38:54.651  INFO 20864 --- [main] c.u.j.r.DefaultLazyPropertyResolver      : Property Resolver custom Bean not found with name 'encryptablePropertyResolver'. Initializing Default Property Resolver
2019-09-11 14:38:54.656  INFO 20864 --- [main] c.u.j.d.DefaultLazyPropertyDetector      : Property Detector custom Bean not found with name 'encryptablePropertyDetector'. Initializing Default Property Detector
2019-09-11 14:38:55.042  INFO 20864 --- [main] com.alibaba.druid.pool.DruidDataSource   : {dataSource-1} inited
2019-09-11 14:38:55.750  INFO 20864 --- [main] o.hibernate.jpa.internal.util.LogHelper  : HHH000204: Processing PersistenceUnitInfo [
	name: default
	...]
2019-09-11 14:38:55.856  INFO 20864 --- [main] org.hibernate.Version                    : HHH000412: Hibernate Core {5.3.7.Final}
2019-09-11 14:38:55.858  INFO 20864 --- [main] org.hibernate.cfg.Environment            : HHH000206: hibernate.properties not found
2019-09-11 14:38:56.153  INFO 20864 --- [main] o.hibernate.annotations.common.Version   : HCANN000001: Hibernate Commons Annotations {5.0.4.Final}
2019-09-11 14:38:56.711  INFO 20864 --- [main] org.hibernate.dialect.Dialect            : HHH000400: Using dialect: org.hibernate.dialect.MySQL5Dialect
2019-09-11 14:38:57.265  INFO 20864 --- [main] j.LocalContainerEntityManagerFactoryBean : Initialized JPA EntityManagerFactory for persistence unit 'default'
2019-09-11 14:38:59.320 DEBUG 20864 --- [main] c.c.pay.dao.TChannelMapper.selectOne     : ==>  Preparing: SELECT id,create_by,create_time,update_by,update_time,limit_times,merchant,channel_name,channel_code,pay_type_id,status,channel_quota,total_amount,extend,today_amount,rate,content_type,request_type,request_url,notify_url,limit_amount FROM t_channel WHERE id = ? 
2019-09-11 14:38:59.358 DEBUG 20864 --- [main] c.c.pay.dao.TChannelMapper.selectOne     : ==> Parameters: 2(Long)
2019-09-11 14:38:59.388 DEBUG 20864 --- [main] c.c.pay.dao.TChannelMapper.selectOne     : <==      Total: 1
2019-09-11 14:38:59.391 DEBUG 20864 --- [main] c.c.p.d.TChannelAccountMapper.selectOne  : ==>  Preparing: SELECT id,create_by,create_time,update_by,update_time,account,sign_key,public_key,channel_id,status,today_amount,total_amount,order_num,limit_amount,password FROM t_channel_account WHERE channel_id = ? 
2019-09-11 14:38:59.392 DEBUG 20864 --- [main] c.c.p.d.TChannelAccountMapper.selectOne  : ==> Parameters: 2(Long)
2019-09-11 14:38:59.394 DEBUG 20864 --- [main] c.c.p.d.TChannelAccountMapper.selectOne  : <==      Total: 1
2019-09-11 14:38:59.533  INFO 20864 --- [main] c.c.pay.common.channel.ChannelFactory    : 通道:{"channelCode":"kuaixianyida","channelName":"168","channelQuota":"","createTime":1562575601000,"extend":"{\"ORDER_NO\":\"order_no\",\"QRCODE\":\"qrcode\",\"OUT_TRADE_NO\":\"OUT_TRADE_NO\",\"SUCCESS_KEY\":\"SUCCESS\",\"SUCCESS_VAL\":\"1\"}","id":2,"limitAmount":5000000.00,"limitTimes":999999,"notifyUrl":"http://47.75.146.15:8080/order/notify/","payTypeId":2,"rate":0.033000,"requestUrl":"http://api.skypay168.com/wpay/api?do=CreateOrder","status":"0","todayAmount":229300.00,"totalAmount":229300.00,"updateTime":1562575601000}已注册
2019-09-11 14:38:59.535 DEBUG 20864 --- [main] c.c.pay.dao.TChannelMapper.selectOne     : ==>  Preparing: SELECT id,create_by,create_time,update_by,update_time,limit_times,merchant,channel_name,channel_code,pay_type_id,status,channel_quota,total_amount,extend,today_amount,rate,content_type,request_type,request_url,notify_url,limit_amount FROM t_channel WHERE id = ? 
2019-09-11 14:38:59.536 DEBUG 20864 --- [main] c.c.pay.dao.TChannelMapper.selectOne     : ==> Parameters: 3(Long)
2019-09-11 14:38:59.538 DEBUG 20864 --- [main] c.c.pay.dao.TChannelMapper.selectOne     : <==      Total: 1
2019-09-11 14:38:59.539 DEBUG 20864 --- [main] c.c.p.d.TChannelAccountMapper.selectOne  : ==>  Preparing: SELECT id,create_by,create_time,update_by,update_time,account,sign_key,public_key,channel_id,status,today_amount,total_amount,order_num,limit_amount,password FROM t_channel_account WHERE channel_id = ? 
2019-09-11 14:38:59.540 DEBUG 20864 --- [main] c.c.p.d.TChannelAccountMapper.selectOne  : ==> Parameters: 3(Long)
2019-09-11 14:38:59.542 DEBUG 20864 --- [main] c.c.p.d.TChannelAccountMapper.selectOne  : <==      Total: 1
2019-09-11 14:38:59.543  INFO 20864 --- [main] c.c.pay.common.channel.ChannelFactory    : 通道:{"channelCode":"alipay_bank2","channelName":"帝王支付宝转卡","createTime":1563953453000,"id":3,"limitAmount":5000000.00,"limitTimes":999999,"notifyUrl":"http://47.75.146.15:8080/order/notify/","payTypeId":2,"rate":0.033000,"requestUrl":"http://chaotudw.com/pay","status":"0","todayAmount":1757.00,"totalAmount":1757.00,"updateTime":1563953453000}已注册
2019-09-11 14:38:59.545 DEBUG 20864 --- [main] c.c.pay.dao.TChannelMapper.selectOne     : ==>  Preparing: SELECT id,create_by,create_time,update_by,update_time,limit_times,merchant,channel_name,channel_code,pay_type_id,status,channel_quota,total_amount,extend,today_amount,rate,content_type,request_type,request_url,notify_url,limit_amount FROM t_channel WHERE id = ? 
2019-09-11 14:38:59.545 DEBUG 20864 --- [main] c.c.pay.dao.TChannelMapper.selectOne     : ==> Parameters: 4(Long)
2019-09-11 14:38:59.548 DEBUG 20864 --- [main] c.c.pay.dao.TChannelMapper.selectOne     : <==      Total: 1
2019-09-11 14:38:59.549 DEBUG 20864 --- [main] c.c.p.d.TChannelAccountMapper.selectOne  : ==>  Preparing: SELECT id,create_by,create_time,update_by,update_time,account,sign_key,public_key,channel_id,status,today_amount,total_amount,order_num,limit_amount,password FROM t_channel_account WHERE channel_id = ? 
2019-09-11 14:38:59.551 DEBUG 20864 --- [main] c.c.p.d.TChannelAccountMapper.selectOne  : ==> Parameters: 4(Long)
2019-09-11 14:38:59.553 DEBUG 20864 --- [main] c.c.p.d.TChannelAccountMapper.selectOne  : <==      Total: 1
2019-09-11 14:38:59.554  INFO 20864 --- [main] c.c.pay.common.channel.ChannelFactory    : 通道:{"channelCode":"machi_pay","channelName":"麻吉付微信h5","createTime":1564040844000,"extend":"{\"ORDER_NO\":\"order_no\",\"QRCODE\":\"qrcode\",\"OUT_TRADE_NO\":\"OUT_TRADE_NO\",\"SUCCESS_KEY\":\"SUCCESS\",\"SUCCESS_VAL\":\"1\"}","id":4,"limitAmount":5000000.00,"limitTimes":99999,"notifyUrl":"http://47.75.146.15:8080/order/notify/","payTypeId":4,"rate":0.033000,"requestUrl":"http://paygate.machi-tech.com:9090/gateway-onl/txn","status":"0","todayAmount":1000.00,"totalAmount":1000.00,"updateTime":1564040844000}已注册
2019-09-11 14:38:59.557 DEBUG 20864 --- [main] c.c.pay.dao.TChannelMapper.selectOne     : ==>  Preparing: SELECT id,create_by,create_time,update_by,update_time,limit_times,merchant,channel_name,channel_code,pay_type_id,status,channel_quota,total_amount,extend,today_amount,rate,content_type,request_type,request_url,notify_url,limit_amount FROM t_channel WHERE id = ? 
2019-09-11 14:38:59.558 DEBUG 20864 --- [main] c.c.pay.dao.TChannelMapper.selectOne     : ==> Parameters: 5(Long)
2019-09-11 14:38:59.561 DEBUG 20864 --- [main] c.c.pay.dao.TChannelMapper.selectOne     : <==      Total: 1
2019-09-11 14:38:59.562 DEBUG 20864 --- [main] c.c.p.d.TChannelAccountMapper.selectOne  : ==>  Preparing: SELECT id,create_by,create_time,update_by,update_time,account,sign_key,public_key,channel_id,status,today_amount,total_amount,order_num,limit_amount,password FROM t_channel_account WHERE channel_id = ? 
2019-09-11 14:38:59.562 DEBUG 20864 --- [main] c.c.p.d.TChannelAccountMapper.selectOne  : ==> Parameters: 5(Long)
2019-09-11 14:38:59.565 DEBUG 20864 --- [main] c.c.p.d.TChannelAccountMapper.selectOne  : <==      Total: 1
2019-09-11 14:38:59.566  INFO 20864 --- [main] c.c.pay.common.channel.ChannelFactory    : 通道:{"channelCode":"qianbao","channelName":"钱宝支付支付宝","extend":"{\"ORDER_NO\":\"order_no\",\"QRCODE\":\"qrcode\",\"OUT_TRADE_NO\":\"OUT_TRADE_NO\",\"SUCCESS_KEY\":\"SUCCESS\",\"SUCCESS_VAL\":\"1\"}","id":5,"limitAmount":5000000.00,"limitTimes":999999,"notifyUrl":"http://47.75.146.15:8080/order/notify/","payTypeId":2,"rate":0.033000,"requestUrl":"http://qianbao.w000013.com/code/orderym/kuaifupay","status":"0","todayAmount":125335.00,"totalAmount":125335.00}已注册
2019-09-11 14:38:59.567 DEBUG 20864 --- [main] c.c.pay.dao.TChannelMapper.selectOne     : ==>  Preparing: SELECT id,create_by,create_time,update_by,update_time,limit_times,merchant,channel_name,channel_code,pay_type_id,status,channel_quota,total_amount,extend,today_amount,rate,content_type,request_type,request_url,notify_url,limit_amount FROM t_channel WHERE id = ? 
2019-09-11 14:38:59.568 DEBUG 20864 --- [main] c.c.pay.dao.TChannelMapper.selectOne     : ==> Parameters: 6(Long)
2019-09-11 14:38:59.569 DEBUG 20864 --- [main] c.c.pay.dao.TChannelMapper.selectOne     : <==      Total: 1
2019-09-11 14:38:59.570 DEBUG 20864 --- [main] c.c.p.d.TChannelAccountMapper.selectOne  : ==>  Preparing: SELECT id,create_by,create_time,update_by,update_time,account,sign_key,public_key,channel_id,status,today_amount,total_amount,order_num,limit_amount,password FROM t_channel_account WHERE channel_id = ? 
2019-09-11 14:38:59.571 DEBUG 20864 --- [main] c.c.p.d.TChannelAccountMapper.selectOne  : ==> Parameters: 6(Long)
2019-09-11 14:38:59.573 DEBUG 20864 --- [main] c.c.p.d.TChannelAccountMapper.selectOne  : <==      Total: 1
2019-09-11 14:38:59.574  INFO 20864 --- [main] c.c.pay.common.channel.ChannelFactory    : 通道:{"channelCode":"ronghe","channelName":"融合支付微信","id":6,"limitAmount":5000000.00,"limitTimes":9999999,"notifyUrl":"http://47.75.146.15:8080/order/notify/","payTypeId":4,"rate":0.033000,"requestUrl":"http://13.115.156.115/pay/sign.do","status":"0","todayAmount":0.00,"totalAmount":0.00}已注册
2019-09-11 14:38:59.576 DEBUG 20864 --- [main] c.c.pay.dao.TChannelMapper.selectOne     : ==>  Preparing: SELECT id,create_by,create_time,update_by,update_time,limit_times,merchant,channel_name,channel_code,pay_type_id,status,channel_quota,total_amount,extend,today_amount,rate,content_type,request_type,request_url,notify_url,limit_amount FROM t_channel WHERE id = ? 
2019-09-11 14:38:59.576 DEBUG 20864 --- [main] c.c.pay.dao.TChannelMapper.selectOne     : ==> Parameters: 7(Long)
2019-09-11 14:38:59.579 DEBUG 20864 --- [main] c.c.pay.dao.TChannelMapper.selectOne     : <==      Total: 1
2019-09-11 14:38:59.580 DEBUG 20864 --- [main] c.c.p.d.TChannelAccountMapper.selectOne  : ==>  Preparing: SELECT id,create_by,create_time,update_by,update_time,account,sign_key,public_key,channel_id,status,today_amount,total_amount,order_num,limit_amount,password FROM t_channel_account WHERE channel_id = ? 
2019-09-11 14:38:59.582 DEBUG 20864 --- [main] c.c.p.d.TChannelAccountMapper.selectOne  : ==> Parameters: 7(Long)
2019-09-11 14:38:59.584 DEBUG 20864 --- [main] c.c.p.d.TChannelAccountMapper.selectOne  : <==      Total: 1
2019-09-11 14:38:59.585  INFO 20864 --- [main] c.c.pay.common.channel.ChannelFactory    : 通道:{"channelCode":"rongheali","channelName":"融合支付支付宝","id":7,"limitAmount":5000000.00,"limitTimes":999999,"notifyUrl":"http://47.75.146.15:8080/order/notify/","payTypeId":2,"rate":0.033000,"requestUrl":"http://13.115.156.115/pay/sign.do","status":"0","todayAmount":1128600.00,"totalAmount":1128600.00}已注册
2019-09-11 14:38:59.586 DEBUG 20864 --- [main] c.c.pay.dao.TChannelMapper.selectOne     : ==>  Preparing: SELECT id,create_by,create_time,update_by,update_time,limit_times,merchant,channel_name,channel_code,pay_type_id,status,channel_quota,total_amount,extend,today_amount,rate,content_type,request_type,request_url,notify_url,limit_amount FROM t_channel WHERE id = ? 
2019-09-11 14:38:59.587 DEBUG 20864 --- [main] c.c.pay.dao.TChannelMapper.selectOne     : ==> Parameters: 8(Long)
2019-09-11 14:38:59.588 DEBUG 20864 --- [main] c.c.pay.dao.TChannelMapper.selectOne     : <==      Total: 0
2019-09-11 14:38:59.590 DEBUG 20864 --- [main] c.c.pay.dao.TChannelMapper.selectOne     : ==>  Preparing: SELECT id,create_by,create_time,update_by,update_time,limit_times,merchant,channel_name,channel_code,pay_type_id,status,channel_quota,total_amount,extend,today_amount,rate,content_type,request_type,request_url,notify_url,limit_amount FROM t_channel WHERE id = ? 
2019-09-11 14:38:59.591 DEBUG 20864 --- [main] c.c.pay.dao.TChannelMapper.selectOne     : ==> Parameters: 9(Long)
2019-09-11 14:38:59.592 DEBUG 20864 --- [main] c.c.pay.dao.TChannelMapper.selectOne     : <==      Total: 1
2019-09-11 14:38:59.593 DEBUG 20864 --- [main] c.c.p.d.TChannelAccountMapper.selectOne  : ==>  Preparing: SELECT id,create_by,create_time,update_by,update_time,account,sign_key,public_key,channel_id,status,today_amount,total_amount,order_num,limit_amount,password FROM t_channel_account WHERE channel_id = ? 
2019-09-11 14:38:59.594 DEBUG 20864 --- [main] c.c.p.d.TChannelAccountMapper.selectOne  : ==> Parameters: 9(Long)
2019-09-11 14:38:59.595 DEBUG 20864 --- [main] c.c.p.d.TChannelAccountMapper.selectOne  : <==      Total: 1
2019-09-11 14:38:59.596  INFO 20864 --- [main] c.c.pay.common.channel.ChannelFactory    : 通道:{"channelCode":"saomafu","channelName":"扫码付支付","id":9,"limitAmount":5000000.00,"limitTimes":999999,"notifyUrl":"http://47.75.146.15:8080/order/notify/","payTypeId":2,"rate":0.033000,"requestUrl":"http://www.xifunet.com/api/v1/order/bulidOrder","status":"0","todayAmount":0.00,"totalAmount":0.00}已注册
2019-09-11 14:38:59.599 DEBUG 20864 --- [main] c.c.pay.dao.TChannelMapper.selectOne     : ==>  Preparing: SELECT id,create_by,create_time,update_by,update_time,limit_times,merchant,channel_name,channel_code,pay_type_id,status,channel_quota,total_amount,extend,today_amount,rate,content_type,request_type,request_url,notify_url,limit_amount FROM t_channel WHERE id = ? 
2019-09-11 14:38:59.600 DEBUG 20864 --- [main] c.c.pay.dao.TChannelMapper.selectOne     : ==> Parameters: 10(Long)
2019-09-11 14:38:59.602 DEBUG 20864 --- [main] c.c.pay.dao.TChannelMapper.selectOne     : <==      Total: 1
2019-09-11 14:38:59.604 DEBUG 20864 --- [main] c.c.p.d.TChannelAccountMapper.selectOne  : ==>  Preparing: SELECT id,create_by,create_time,update_by,update_time,account,sign_key,public_key,channel_id,status,today_amount,total_amount,order_num,limit_amount,password FROM t_channel_account WHERE channel_id = ? 
2019-09-11 14:38:59.605 DEBUG 20864 --- [main] c.c.p.d.TChannelAccountMapper.selectOne  : ==> Parameters: 10(Long)
2019-09-11 14:38:59.607 DEBUG 20864 --- [main] c.c.p.d.TChannelAccountMapper.selectOne  : <==      Total: 1
2019-09-11 14:38:59.608  INFO 20864 --- [main] c.c.pay.common.channel.ChannelFactory    : 通道:{"channelCode":"youzan","channelName":"有赞","id":10,"limitAmount":5000000.00,"limitTimes":999999,"notifyUrl":"http://47.75.146.15:8080/order/notify/","payTypeId":2,"rate":0.033000,"requestUrl":"http://139.129.101.152:8080/yz/order/pay","status":"0","todayAmount":296510.00,"totalAmount":296510.00}已注册
2019-09-11 14:38:59.610 DEBUG 20864 --- [main] c.c.pay.dao.TChannelMapper.selectOne     : ==>  Preparing: SELECT id,create_by,create_time,update_by,update_time,limit_times,merchant,channel_name,channel_code,pay_type_id,status,channel_quota,total_amount,extend,today_amount,rate,content_type,request_type,request_url,notify_url,limit_amount FROM t_channel WHERE id = ? 
2019-09-11 14:38:59.611 DEBUG 20864 --- [main] c.c.pay.dao.TChannelMapper.selectOne     : ==> Parameters: 11(Long)
2019-09-11 14:38:59.612 DEBUG 20864 --- [main] c.c.pay.dao.TChannelMapper.selectOne     : <==      Total: 1
2019-09-11 14:38:59.613 DEBUG 20864 --- [main] c.c.p.d.TChannelAccountMapper.selectOne  : ==>  Preparing: SELECT id,create_by,create_time,update_by,update_time,account,sign_key,public_key,channel_id,status,today_amount,total_amount,order_num,limit_amount,password FROM t_channel_account WHERE channel_id = ? 
2019-09-11 14:38:59.614 DEBUG 20864 --- [main] c.c.p.d.TChannelAccountMapper.selectOne  : ==> Parameters: 11(Long)
2019-09-11 14:38:59.616 DEBUG 20864 --- [main] c.c.p.d.TChannelAccountMapper.selectOne  : <==      Total: 1
2019-09-11 14:38:59.617  INFO 20864 --- [main] c.c.pay.common.channel.ChannelFactory    : 通道:{"channelCode":"suda","channelName":"速达支付","id":11,"limitAmount":5000000.00,"limitTimes":999999,"notifyUrl":"http://47.75.146.15:8080/order/notify/","payTypeId":2,"rate":0.033000,"requestUrl":"http://www.mmqwe.cn/Pay_Index.html","status":"0","todayAmount":116181.00,"totalAmount":116181.00}已注册
2019-09-11 14:38:59.618 DEBUG 20864 --- [main] c.c.pay.dao.TChannelMapper.selectOne     : ==>  Preparing: SELECT id,create_by,create_time,update_by,update_time,limit_times,merchant,channel_name,channel_code,pay_type_id,status,channel_quota,total_amount,extend,today_amount,rate,content_type,request_type,request_url,notify_url,limit_amount FROM t_channel WHERE id = ? 
2019-09-11 14:38:59.618 DEBUG 20864 --- [main] c.c.pay.dao.TChannelMapper.selectOne     : ==> Parameters: 12(Long)
2019-09-11 14:38:59.619 DEBUG 20864 --- [main] c.c.pay.dao.TChannelMapper.selectOne     : <==      Total: 1
2019-09-11 14:38:59.620 DEBUG 20864 --- [main] c.c.p.d.TChannelAccountMapper.selectOne  : ==>  Preparing: SELECT id,create_by,create_time,update_by,update_time,account,sign_key,public_key,channel_id,status,today_amount,total_amount,order_num,limit_amount,password FROM t_channel_account WHERE channel_id = ? 
2019-09-11 14:38:59.621 DEBUG 20864 --- [main] c.c.p.d.TChannelAccountMapper.selectOne  : ==> Parameters: 12(Long)
2019-09-11 14:38:59.629 DEBUG 20864 --- [main] c.c.p.d.TChannelAccountMapper.selectOne  : <==      Total: 1
2019-09-11 14:38:59.629  INFO 20864 --- [main] c.c.pay.common.channel.ChannelFactory    : 通道:{"channelCode":"cloudpay","channelName":"帝王云闪付","id":12,"limitAmount":5000000.00,"limitTimes":999999,"notifyUrl":"http://47.75.146.15:8080/order/notify/","payTypeId":3,"rate":0.033000,"requestUrl":"http://chaotudw.com/pay","status":"0","todayAmount":0.00,"totalAmount":0.00}已注册
2019-09-11 14:38:59.632 DEBUG 20864 --- [main] c.c.pay.dao.TChannelMapper.selectOne     : ==>  Preparing: SELECT id,create_by,create_time,update_by,update_time,limit_times,merchant,channel_name,channel_code,pay_type_id,status,channel_quota,total_amount,extend,today_amount,rate,content_type,request_type,request_url,notify_url,limit_amount FROM t_channel WHERE id = ? 
2019-09-11 14:38:59.633 DEBUG 20864 --- [main] c.c.pay.dao.TChannelMapper.selectOne     : ==> Parameters: 13(Long)
2019-09-11 14:38:59.634 DEBUG 20864 --- [main] c.c.pay.dao.TChannelMapper.selectOne     : <==      Total: 1
2019-09-11 14:38:59.635 DEBUG 20864 --- [main] c.c.p.d.TChannelAccountMapper.selectOne  : ==>  Preparing: SELECT id,create_by,create_time,update_by,update_time,account,sign_key,public_key,channel_id,status,today_amount,total_amount,order_num,limit_amount,password FROM t_channel_account WHERE channel_id = ? 
2019-09-11 14:38:59.636 DEBUG 20864 --- [main] c.c.p.d.TChannelAccountMapper.selectOne  : ==> Parameters: 13(Long)
2019-09-11 14:38:59.638 DEBUG 20864 --- [main] c.c.p.d.TChannelAccountMapper.selectOne  : <==      Total: 1
2019-09-11 14:38:59.639  INFO 20864 --- [main] c.c.pay.common.channel.ChannelFactory    : 通道:{"channelCode":"rongyifu","channelName":"融易付","id":13,"limitAmount":5000000.00,"limitTimes":999999,"notifyUrl":"http://47.75.146.15:8080/order/notify/","payTypeId":2,"rate":0.033000,"requestUrl":"http://www.payeasy.xin/api","status":"0","todayAmount":1801.00,"totalAmount":1801.00}已注册
2019-09-11 14:38:59.641 DEBUG 20864 --- [main] c.c.pay.dao.TChannelMapper.selectOne     : ==>  Preparing: SELECT id,create_by,create_time,update_by,update_time,limit_times,merchant,channel_name,channel_code,pay_type_id,status,channel_quota,total_amount,extend,today_amount,rate,content_type,request_type,request_url,notify_url,limit_amount FROM t_channel WHERE id = ? 
2019-09-11 14:38:59.641 DEBUG 20864 --- [main] c.c.pay.dao.TChannelMapper.selectOne     : ==> Parameters: 14(Long)
2019-09-11 14:38:59.643 DEBUG 20864 --- [main] c.c.pay.dao.TChannelMapper.selectOne     : <==      Total: 1
2019-09-11 14:38:59.644 DEBUG 20864 --- [main] c.c.p.d.TChannelAccountMapper.selectOne  : ==>  Preparing: SELECT id,create_by,create_time,update_by,update_time,account,sign_key,public_key,channel_id,status,today_amount,total_amount,order_num,limit_amount,password FROM t_channel_account WHERE channel_id = ? 
2019-09-11 14:38:59.645 DEBUG 20864 --- [main] c.c.p.d.TChannelAccountMapper.selectOne  : ==> Parameters: 14(Long)
2019-09-11 14:38:59.647 DEBUG 20864 --- [main] c.c.p.d.TChannelAccountMapper.selectOne  : <==      Total: 1
2019-09-11 14:38:59.654  INFO 20864 --- [main] c.c.pay.common.channel.ChannelFactory    : 通道:{"channelCode":"HiPay","channelName":"HiPay","id":14,"limitAmount":5000000.00,"limitTimes":999999,"notifyUrl":"http://47.75.146.15:8080/order/notify/","payTypeId":2,"rate":0.033000,"requestUrl":"https://www.hipay8888.com","status":"0","todayAmount":0.00,"totalAmount":0.00}已注册
2019-09-11 14:38:59.655 DEBUG 20864 --- [main] c.c.pay.dao.TChannelMapper.selectOne     : ==>  Preparing: SELECT id,create_by,create_time,update_by,update_time,limit_times,merchant,channel_name,channel_code,pay_type_id,status,channel_quota,total_amount,extend,today_amount,rate,content_type,request_type,request_url,notify_url,limit_amount FROM t_channel WHERE id = ? 
2019-09-11 14:38:59.656 DEBUG 20864 --- [main] c.c.pay.dao.TChannelMapper.selectOne     : ==> Parameters: 15(Long)
2019-09-11 14:38:59.657 DEBUG 20864 --- [main] c.c.pay.dao.TChannelMapper.selectOne     : <==      Total: 1
2019-09-11 14:38:59.658 DEBUG 20864 --- [main] c.c.p.d.TChannelAccountMapper.selectOne  : ==>  Preparing: SELECT id,create_by,create_time,update_by,update_time,account,sign_key,public_key,channel_id,status,today_amount,total_amount,order_num,limit_amount,password FROM t_channel_account WHERE channel_id = ? 
2019-09-11 14:38:59.659 DEBUG 20864 --- [main] c.c.p.d.TChannelAccountMapper.selectOne  : ==> Parameters: 15(Long)
2019-09-11 14:38:59.660 DEBUG 20864 --- [main] c.c.p.d.TChannelAccountMapper.selectOne  : <==      Total: 1
2019-09-11 14:38:59.661  INFO 20864 --- [main] c.c.pay.common.channel.ChannelFactory    : 通道:{"channelCode":"kuaiyou","channelName":"快优支付","id":15,"limitAmount":5000000.00,"limitTimes":999999,"notifyUrl":"http://47.75.146.15:8080/order/notify/","payTypeId":2,"rate":0.033000,"requestUrl":"http://www.youkuaipay.com/Pay_Index.html","status":"0","todayAmount":0.00,"totalAmount":0.00}已注册
2019-09-11 14:38:59.662 DEBUG 20864 --- [main] c.c.pay.dao.TChannelMapper.selectOne     : ==>  Preparing: SELECT id,create_by,create_time,update_by,update_time,limit_times,merchant,channel_name,channel_code,pay_type_id,status,channel_quota,total_amount,extend,today_amount,rate,content_type,request_type,request_url,notify_url,limit_amount FROM t_channel WHERE id = ? 
2019-09-11 14:38:59.663 DEBUG 20864 --- [main] c.c.pay.dao.TChannelMapper.selectOne     : ==> Parameters: 16(Long)
2019-09-11 14:38:59.664 DEBUG 20864 --- [main] c.c.pay.dao.TChannelMapper.selectOne     : <==      Total: 1
2019-09-11 14:38:59.665 DEBUG 20864 --- [main] c.c.p.d.TChannelAccountMapper.selectOne  : ==>  Preparing: SELECT id,create_by,create_time,update_by,update_time,account,sign_key,public_key,channel_id,status,today_amount,total_amount,order_num,limit_amount,password FROM t_channel_account WHERE channel_id = ? 
2019-09-11 14:38:59.666 DEBUG 20864 --- [main] c.c.p.d.TChannelAccountMapper.selectOne  : ==> Parameters: 16(Long)
2019-09-11 14:38:59.668 DEBUG 20864 --- [main] c.c.p.d.TChannelAccountMapper.selectOne  : <==      Total: 1
2019-09-11 14:38:59.669  INFO 20864 --- [main] c.c.pay.common.channel.ChannelFactory    : 通道:{"channelCode":"youkuai","channelName":"优快_帝王","id":16,"limitAmount":5000000.00,"limitTimes":999999,"notifyUrl":"http://47.75.146.15:8080/order/notify/","payTypeId":2,"rate":0.033000,"requestUrl":"http://www.youkuaipay.com/Pay_Index.html","status":"0","todayAmount":0.00,"totalAmount":0.00}已注册
2019-09-11 14:38:59.673 DEBUG 20864 --- [main] c.c.pay.dao.TChannelMapper.selectOne     : ==>  Preparing: SELECT id,create_by,create_time,update_by,update_time,limit_times,merchant,channel_name,channel_code,pay_type_id,status,channel_quota,total_amount,extend,today_amount,rate,content_type,request_type,request_url,notify_url,limit_amount FROM t_channel WHERE id = ? 
2019-09-11 14:38:59.673 DEBUG 20864 --- [main] c.c.pay.dao.TChannelMapper.selectOne     : ==> Parameters: 17(Long)
2019-09-11 14:38:59.675 DEBUG 20864 --- [main] c.c.pay.dao.TChannelMapper.selectOne     : <==      Total: 1
2019-09-11 14:38:59.676 DEBUG 20864 --- [main] c.c.p.d.TChannelAccountMapper.selectOne  : ==>  Preparing: SELECT id,create_by,create_time,update_by,update_time,account,sign_key,public_key,channel_id,status,today_amount,total_amount,order_num,limit_amount,password FROM t_channel_account WHERE channel_id = ? 
2019-09-11 14:38:59.676 DEBUG 20864 --- [main] c.c.p.d.TChannelAccountMapper.selectOne  : ==> Parameters: 17(Long)
2019-09-11 14:38:59.678 DEBUG 20864 --- [main] c.c.p.d.TChannelAccountMapper.selectOne  : <==      Total: 1
2019-09-11 14:38:59.679  INFO 20864 --- [main] c.c.pay.common.channel.ChannelFactory    : 通道:{"channelCode":"xiantaoba","channelName":"西安淘吧","id":17,"limitAmount":5000000.00,"limitTimes":999999,"notifyUrl":"http://47.75.146.15:8080/order/notify/","payTypeId":2,"rate":0.033000,"requestUrl":"http://dwchaotu.com:8848/qrpay/pay/json","status":"1","todayAmount":400.00,"totalAmount":400.00}已注册
2019-09-11 14:38:59.722 DEBUG 20864 --- [main] c.c.p.d.TChannelMapper.selectByExample   : ==>  Preparing: SELECT id,create_by,create_time,update_by,update_time,limit_times,merchant,channel_name,channel_code,pay_type_id,status,channel_quota,total_amount,extend,today_amount,rate,content_type,request_type,request_url,notify_url,limit_amount FROM t_channel WHERE ( status = ? ) 
2019-09-11 14:38:59.724 DEBUG 20864 --- [main] c.c.p.d.TChannelMapper.selectByExample   : ==> Parameters: 1(Integer)
2019-09-11 14:38:59.729 DEBUG 20864 --- [main] c.c.p.d.TChannelMapper.selectByExample   : <==      Total: 1
2019-09-11 14:39:00.694  WARN 20864 --- [main] c.c.p.c.s.p.MyFilterSecurityInterceptor  : Could not validate configuration attributes as the SecurityMetadataSource did not return any attributes from getAllConfigAttributes()
2019-09-11 14:39:01.720 DEBUG 20864 --- [main] c.c.p.dao.TConfigParamMapper.selectAll   : ==>  Preparing: SELECT id,param_name,param_value,description FROM t_config_param 
2019-09-11 14:39:01.721 DEBUG 20864 --- [main] c.c.p.dao.TConfigParamMapper.selectAll   : ==> Parameters: 
2019-09-11 14:39:01.727 DEBUG 20864 --- [main] c.c.p.dao.TConfigParamMapper.selectAll   : <==      Total: 2
2019-09-11 14:39:02.436  WARN 20864 --- [main] t.m.m.m.resolve.DefaultEntityResolve     : 通用 Mapper 警告信息: <[EntityColumn{table=t_pdd_goods, property='pddAccountId', column='pdd_account_id', javaType=int, jdbcType=null, typeHandler=null, id=false, identity=false, blob=false, generator='null', orderBy='null', insertable=true, updatable=true, order=DEFAULT}]> 使用了基本类型，基本类型在动态 SQL 中由于存在默认值，因此任何时候都不等于 null，建议修改基本类型为对应的包装类型!
2019-09-11 14:39:02.559  WARN 20864 --- [main] t.m.m.m.resolve.DefaultEntityResolve     : 通用 Mapper 警告信息: <[EntityColumn{table=t_pdd_order, property='sendTimes', column='send_times', javaType=int, jdbcType=null, typeHandler=null, id=false, identity=false, blob=false, generator='null', orderBy='null', insertable=true, updatable=true, order=DEFAULT}]> 使用了基本类型，基本类型在动态 SQL 中由于存在默认值，因此任何时候都不等于 null，建议修改基本类型为对应的包装类型!
2019-09-11 14:39:02.560  WARN 20864 --- [main] t.m.m.m.resolve.DefaultEntityResolve     : 通用 Mapper 警告信息: <[EntityColumn{table=t_pdd_order, property='isHistory', column='is_history', javaType=int, jdbcType=null, typeHandler=null, id=false, identity=false, blob=false, generator='null', orderBy='null', insertable=true, updatable=true, order=DEFAULT}]> 使用了基本类型，基本类型在动态 SQL 中由于存在默认值，因此任何时候都不等于 null，建议修改基本类型为对应的包装类型!
2019-09-11 14:39:03.789  INFO 20864 --- [main] o.s.s.concurrent.ThreadPoolTaskExecutor  : Initializing ExecutorService 'applicationTaskExecutor'
2019-09-11 14:39:03.884  WARN 20864 --- [main] aWebConfiguration$JpaWebMvcConfiguration : spring.jpa.open-in-view is enabled by default. Therefore, database queries may be performed during view rendering. Explicitly configure spring.jpa.open-in-view to disable this warning
2019-09-11 14:39:04.181  INFO 20864 --- [main] c.u.j.encryptor.DefaultLazyEncryptor     : String Encryptor custom Bean not found with name 'jasyptStringEncryptor'. Initializing Default String Encryptor
2019-09-11 14:39:04.199  INFO 20864 --- [main] c.u.j.encryptor.DefaultLazyEncryptor     : Encryptor config not found for property jasypt.encryptor.algorithm, using default value: PBEWithMD5AndDES
2019-09-11 14:39:04.199  INFO 20864 --- [main] c.u.j.encryptor.DefaultLazyEncryptor     : Encryptor config not found for property jasypt.encryptor.keyObtentionIterations, using default value: 1000
2019-09-11 14:39:04.199  INFO 20864 --- [main] c.u.j.encryptor.DefaultLazyEncryptor     : Encryptor config not found for property jasypt.encryptor.poolSize, using default value: 1
2019-09-11 14:39:04.200  INFO 20864 --- [main] c.u.j.encryptor.DefaultLazyEncryptor     : Encryptor config not found for property jasypt.encryptor.providerName, using default value: null
2019-09-11 14:39:04.200  INFO 20864 --- [main] c.u.j.encryptor.DefaultLazyEncryptor     : Encryptor config not found for property jasypt.encryptor.providerClassName, using default value: null
2019-09-11 14:39:04.200  INFO 20864 --- [main] c.u.j.encryptor.DefaultLazyEncryptor     : Encryptor config not found for property jasypt.encryptor.saltGeneratorClassname, using default value: org.jasypt.salt.RandomSaltGenerator
2019-09-11 14:39:04.201  INFO 20864 --- [main] c.u.j.encryptor.DefaultLazyEncryptor     : Encryptor config not found for property jasypt.encryptor.stringOutputType, using default value: base64
2019-09-11 14:39:04.916  INFO 20864 --- [main] t.m.m.autoconfigure.MapperCacheDisabler  : Clear tk.mybatis.mapper.util.MsUtil CLASS_CACHE cache.
2019-09-11 14:39:04.918  INFO 20864 --- [main] t.m.m.autoconfigure.MapperCacheDisabler  : Clear tk.mybatis.mapper.genid.GenIdUtil CACHE cache.
2019-09-11 14:39:04.919  INFO 20864 --- [main] t.m.m.autoconfigure.MapperCacheDisabler  : Clear tk.mybatis.mapper.version.VersionUtil CACHE cache.
2019-09-11 14:39:04.920  INFO 20864 --- [main] t.m.m.autoconfigure.MapperCacheDisabler  : Clear EntityHelper entityTableMap cache.
2019-09-11 14:39:06.410  INFO 20864 --- [main] o.s.s.web.DefaultSecurityFilterChain     : Creating filter chain: any request, [org.springframework.security.web.context.request.async.WebAsyncManagerIntegrationFilter@72c175f1, org.springframework.security.web.context.SecurityContextPersistenceFilter@4803bf73, org.springframework.security.web.header.HeaderWriterFilter@46051269, org.springframework.security.web.authentication.logout.LogoutFilter@4880a9d, org.springframework.security.web.authentication.UsernamePasswordAuthenticationFilter@691a5c3a, com.chaotu.pay.config.security.jwt.JWTAuthenticationFilter@9fd3b61, org.springframework.security.web.savedrequest.RequestCacheAwareFilter@1ce8084a, org.springframework.security.web.servletapi.SecurityContextHolderAwareRequestFilter@222eda8a, org.springframework.security.web.authentication.AnonymousAuthenticationFilter@4a34de5e, org.springframework.security.web.session.SessionManagementFilter@5b5a89d1, org.springframework.security.web.access.ExceptionTranslationFilter@384f0e32, com.chaotu.pay.config.security.permission.MyFilterSecurityInterceptor@1d654b5f, org.springframework.security.web.access.intercept.FilterSecurityInterceptor@5ca3acad]
2019-09-11 14:39:06.916  INFO 20864 --- [main] org.quartz.impl.StdSchedulerFactory      : Using default implementation for ThreadExecutor
2019-09-11 14:39:06.935  INFO 20864 --- [main] org.quartz.core.SchedulerSignalerImpl    : Initialized Scheduler Signaller of type: class org.quartz.core.SchedulerSignalerImpl
2019-09-11 14:39:06.935  INFO 20864 --- [main] org.quartz.core.QuartzScheduler          : Quartz Scheduler v.2.3.0 created.
2019-09-11 14:39:06.939  INFO 20864 --- [main] o.s.s.quartz.LocalDataSourceJobStore     : Using db table-based data access locking (synchronization).
2019-09-11 14:39:06.942  INFO 20864 --- [main] o.s.s.quartz.LocalDataSourceJobStore     : JobStoreCMT initialized.
2019-09-11 14:39:06.944  INFO 20864 --- [main] org.quartz.core.QuartzScheduler          : Scheduler meta-data: Quartz Scheduler (v2.3.0) 'quartzScheduler' with instanceId 'NON_CLUSTERED'
  Scheduler class: 'org.quartz.core.QuartzScheduler' - running locally.
  NOT STARTED.
  Currently in standby mode.
  Number of jobs executed: 0
  Using thread pool 'org.quartz.simpl.SimpleThreadPool' - with 10 threads.
  Using job-store 'org.springframework.scheduling.quartz.LocalDataSourceJobStore' - which supports persistence. and is not clustered.

2019-09-11 14:39:06.945  INFO 20864 --- [main] org.quartz.impl.StdSchedulerFactory      : Quartz scheduler 'quartzScheduler' initialized from an externally provided properties instance.
2019-09-11 14:39:06.945  INFO 20864 --- [main] org.quartz.impl.StdSchedulerFactory      : Quartz scheduler version: 2.3.0
2019-09-11 14:39:06.945  INFO 20864 --- [main] org.quartz.core.QuartzScheduler          : JobFactory set to: org.springframework.scheduling.quartz.SpringBeanJobFactory@15afebcc
2019-09-11 14:39:07.139  INFO 20864 --- [main] o.s.b.a.e.web.EndpointLinksResolver      : Exposing 2 endpoint(s) beneath base path '/actuator'
2019-09-11 14:39:07.265  INFO 20864 --- [main] o.s.s.c.ThreadPoolTaskScheduler          : Initializing ExecutorService 'taskScheduler'
2019-09-11 14:39:07.340  WARN 20864 --- [main] arterDeprecationWarningAutoConfiguration : spring-boot-starter-redis is deprecated as of Spring Boot 1.4, please migrate to spring-boot-starter-data-redis
2019-09-11 14:39:07.488  INFO 20864 --- [main] o.s.a.r.c.CachingConnectionFactory       : Attempting to connect to: localhost:5672
2019-09-11 14:39:07.578  INFO 20864 --- [main] o.s.a.r.c.CachingConnectionFactory       : Created new connection: connectionFactory#29592929:0/SimpleConnection@9ba167e [delegate=amqp://guest@127.0.0.1:5672/, localPort= 58260]
2019-09-11 14:39:07.836  INFO 20864 --- [main] o.s.s.quartz.SchedulerFactoryBean        : Starting Quartz Scheduler now
2019-09-11 14:39:07.856  INFO 20864 --- [main] o.s.s.quartz.LocalDataSourceJobStore     : Freed 0 triggers from 'acquired' / 'blocked' state.
2019-09-11 14:39:07.861  INFO 20864 --- [main] o.s.s.quartz.LocalDataSourceJobStore     : Recovering 0 jobs that were in-progress at the time of the last shut-down.
2019-09-11 14:39:07.861  INFO 20864 --- [main] o.s.s.quartz.LocalDataSourceJobStore     : Recovery complete.
2019-09-11 14:39:07.862  INFO 20864 --- [main] o.s.s.quartz.LocalDataSourceJobStore     : Removed 0 'complete' triggers.
2019-09-11 14:39:07.864  INFO 20864 --- [main] o.s.s.quartz.LocalDataSourceJobStore     : Removed 0 stale fired job entries.
2019-09-11 14:39:07.865  INFO 20864 --- [main] org.quartz.core.QuartzScheduler          : Scheduler quartzScheduler_$_NON_CLUSTERED started.
2019-09-11 14:39:07.902  INFO 20864 --- [main] com.chaotu.pay.PayWebApplicationTests    : Started PayWebApplicationTests in 18.132 seconds (JVM running for 19.114)
2019-09-11 14:39:08.093  INFO 20864 --- [Thread-6] o.s.a.r.l.SimpleMessageListenerContainer : Waiting for workers to finish.
2019-09-11 14:39:08.818  INFO 20864 --- [Thread-6] o.s.a.r.l.SimpleMessageListenerContainer : Successfully waited for workers to finish.
2019-09-11 14:39:08.852  INFO 20864 --- [Thread-6] o.s.a.r.l.SimpleMessageListenerContainer : Waiting for workers to finish.
2019-09-11 14:39:08.853  INFO 20864 --- [Thread-6] o.s.a.r.l.SimpleMessageListenerContainer : Successfully waited for workers to finish.
2019-09-11 14:39:08.856  INFO 20864 --- [Thread-6] org.quartz.core.QuartzScheduler          : Scheduler quartzScheduler_$_NON_CLUSTERED paused.
2019-09-11 14:39:08.858  INFO 20864 --- [Thread-6] o.s.s.c.ThreadPoolTaskScheduler          : Shutting down ExecutorService 'taskScheduler'
2019-09-11 14:39:08.858  INFO 20864 --- [Thread-6] o.s.s.quartz.SchedulerFactoryBean        : Shutting down Quartz Scheduler
2019-09-11 14:39:08.858  INFO 20864 --- [Thread-6] org.quartz.core.QuartzScheduler          : Scheduler quartzScheduler_$_NON_CLUSTERED shutting down.
2019-09-11 14:39:08.858  INFO 20864 --- [Thread-6] org.quartz.core.QuartzScheduler          : Scheduler quartzScheduler_$_NON_CLUSTERED paused.
2019-09-11 14:39:08.859  INFO 20864 --- [Thread-6] org.quartz.core.QuartzScheduler          : Scheduler quartzScheduler_$_NON_CLUSTERED shutdown complete.
2019-09-11 14:39:08.861  INFO 20864 --- [Thread-6] o.s.a.r.l.SimpleMessageListenerContainer : Shutdown ignored - container is not active already
2019-09-11 14:39:08.861  INFO 20864 --- [Thread-6] o.s.a.r.l.SimpleMessageListenerContainer : Shutdown ignored - container is not active already
2019-09-11 14:39:08.862  INFO 20864 --- [Thread-6] o.s.s.concurrent.ThreadPoolTaskExecutor  : Shutting down ExecutorService 'applicationTaskExecutor'
2019-09-11 14:39:08.873  INFO 20864 --- [Thread-6] j.LocalContainerEntityManagerFactoryBean : Closing JPA EntityManagerFactory for persistence unit 'default'
2019-09-11 14:39:08.878  INFO 20864 --- [Thread-6] com.alibaba.druid.pool.DruidDataSource   : {dataSource-1} closed
